D:\ts_mirr\python\Portable_Python_2.7.6.1\App\python.exe D:\ts_mirr\scons\scons-local-2.3.4\scons.py -f.\Build\site_scons\SConstruct Compile -j8
scons: Reading SConscript files ...
AutoEver Toolset Version: 2.5.0
excluding list was not set for "Debug" in .cproject
excluding list was not set for "Release" in .cproject
scons: done reading SConscript files.
scons: Building targets ...
Compiling 1th file : App_NvM.c
"Static_Code/App_Code/App_NvM.c", line 134: warning #1822-D: value of
          multicharacter literal is implementation-defined
  const uint8_t NvMBlkInitSting_QRCODE[QRCODE_SIZE]      = {'Q','R','C','O','D','E','1','2','3','4','5','6','7','8','9','10','11','12','13','14','15'};
                                                                                                                        ^

"Static_Code/App_Code/App_NvM.c", line 134: warning #1822-D: value of
          multicharacter literal is implementation-defined
  const uint8_t NvMBlkInitSting_QRCODE[QRCODE_SIZE]      = {'Q','R','C','O','D','E','1','2','3','4','5','6','7','8','9','10','11','12','13','14','15'};
                                                                                                                             ^

"Static_Code/App_Code/App_NvM.c", line 134: warning #1822-D: value of
          multicharacter literal is implementation-defined
  const uint8_t NvMBlkInitSting_QRCODE[QRCODE_SIZE]      = {'Q','R','C','O','D','E','1','2','3','4','5','6','7','8','9','10','11','12','13','14','15'};
                                                                                                                                  ^

"Static_Code/App_Code/App_NvM.c", line 134: warning #1822-D: value of
          multicharacter literal is implementation-defined
  const uint8_t NvMBlkInitSting_QRCODE[QRCODE_SIZE]      = {'Q','R','C','O','D','E','1','2','3','4','5','6','7','8','9','10','11','12','13','14','15'};
                                                                                                                                       ^

"Static_Code/App_Code/App_NvM.c", line 134: warning #1822-D: value of
          multicharacter literal is implementation-defined
  const uint8_t NvMBlkInitSting_QRCODE[QRCODE_SIZE]      = {'Q','R','C','O','D','E','1','2','3','4','5','6','7','8','9','10','11','12','13','14','15'};
                                                                                                                                            ^

"Static_Code/App_Code/App_NvM.c", line 134: warning #1822-D: value of
          multicharacter literal is implementation-defined
  const uint8_t NvMBlkInitSting_QRCODE[QRCODE_SIZE]      = {'Q','R','C','O','D','E','1','2','3','4','5','6','7','8','9','10','11','12','13','14','15'};
                                                                                                                                                 ^

"Static_Code/App_Code/App_NvM.c", line 134: warning #69-D: integer conversion
          resulted in truncation
  const uint8_t NvMBlkInitSting_QRCODE[QRCODE_SIZE]      = {'Q','R','C','O','D','E','1','2','3','4','5','6','7','8','9','10','11','12','13','14','15'};
                                                                                                                        ^

"Static_Code/App_Code/App_NvM.c", line 134: warning #69-D: integer conversion
          resulted in truncation
  const uint8_t NvMBlkInitSting_QRCODE[QRCODE_SIZE]      = {'Q','R','C','O','D','E','1','2','3','4','5','6','7','8','9','10','11','12','13','14','15'};
                                                                                                                             ^

"Static_Code/App_Code/App_NvM.c", line 134: warning #69-D: integer conversion
          resulted in truncation
  const uint8_t NvMBlkInitSting_QRCODE[QRCODE_SIZE]      = {'Q','R','C','O','D','E','1','2','3','4','5','6','7','8','9','10','11','12','13','14','15'};
                                                                                                                                  ^

"Static_Code/App_Code/App_NvM.c", line 134: warning #69-D: integer conversion
          resulted in truncation
  const uint8_t NvMBlkInitSting_QRCODE[QRCODE_SIZE]      = {'Q','R','C','O','D','E','1','2','3','4','5','6','7','8','9','10','11','12','13','14','15'};
                                                                                                                                       ^

"Static_Code/App_Code/App_NvM.c", line 134: warning #69-D: integer conversion
          resulted in truncation
  const uint8_t NvMBlkInitSting_QRCODE[QRCODE_SIZE]      = {'Q','R','C','O','D','E','1','2','3','4','5','6','7','8','9','10','11','12','13','14','15'};
                                                                                                                                            ^

"Static_Code/App_Code/App_NvM.c", line 134: warning #69-D: integer conversion
          resulted in truncation
  const uint8_t NvMBlkInitSting_QRCODE[QRCODE_SIZE]      = {'Q','R','C','O','D','E','1','2','3','4','5','6','7','8','9','10','11','12','13','14','15'};
                                                                                                                                                 ^

Making binary(GN7_PE_WPC_APP.elf)
[elxr] (error #412) unresolved symbols: 1
 NvMBlk_WCT_SwVer 	from NvM_Cfg.o

[elxr] (error) errors during processing
scons: *** [Debug\GN7_PE_WPC_APP.elf] Error 1
scons: building terminated because of errors.
