D:\ts_mirr\python\Portable_Python_2.7.6.1\App\python.exe D:\ts_mirr\scons\scons-local-2.3.4\scons.py -f.\Build\site_scons\SConstruct Compile -j8
scons: Reading SConscript files ...
AutoEver Toolset Version: 2.5.0
excluding list was not set for "Debug" in .cproject
excluding list was not set for "Release" in .cproject
scons: done reading SConscript files.
scons: Building targets ...
Compiling 1th file : App_Uds.c
"Static_Code/App_Code/App_Uds.c", line 1773: warning #167-D: argument of type
          "unsigned int" is incompatible with parameter of type "const uint8 *"
          	Uds.Int.Sha256Resp += Hmg_Sha256Update(&Uds.Int.ShaCtx, CODE_BASE_START1, CODE_SIZE_UNIT);
          	                                                        ^

"Static_Code/App_Code/App_Uds.c", line 1773: warning #152-D: conversion of
          nonzero integer to pointer
          	Uds.Int.Sha256Resp += Hmg_Sha256Update(&Uds.Int.ShaCtx, CODE_BASE_START1, CODE_SIZE_UNIT);
          	                                                        ^

"Static_Code/App_Code/App_Uds.c", line 1784: warning #167-D: argument of type
          "unsigned long" is incompatible with parameter of type
          "const uint8 *"
                  Uds.Int.Sha256Resp += Hmg_Sha256Update(&Uds.Int.ShaCtx, (CODE_BASE_START1 + Uds.Int.IncreaseAdd), CODE_SIZE_UNIT);
                                                                          ^

"Static_Code/App_Code/App_Uds.c", line 1789: warning #167-D: argument of type
          "unsigned long" is incompatible with parameter of type
          "const uint8 *"
                  Uds.Int.Sha256Resp += Hmg_Sha256Update(&Uds.Int.ShaCtx, (CODE_BASE_START1 + Uds.Int.IncreaseAdd), (CODE_BASE_END1 - CODE_BASE_START1 - Uds.Int.IncreaseAdd + 1u));
                                                                          ^

"Static_Code/App_Code/App_Uds.c", line 1803: warning #167-D: argument of type
          "unsigned long" is incompatible with parameter of type
          "const uint8 *"
                  Uds.Int.Sha256Resp += Hmg_Sha256Update(&Uds.Int.ShaCtx, (CODE_BASE_START2 + Uds.Int.IncreaseAdd), CODE_SIZE_UNIT);
                                                                          ^

"Static_Code/App_Code/App_Uds.c", line 1809: warning #167-D: argument of type
          "unsigned long" is incompatible with parameter of type
          "const uint8 *"
                  Uds.Int.Sha256Resp += Hmg_Sha256Update(&Uds.Int.ShaCtx, (CODE_BASE_START2 + Uds.Int.IncreaseAdd), (CODE_BASE_END2 - CODE_BASE_START2 - Uds.Int.IncreaseAdd + 1u));
                                                                          ^

"Static_Code/App_Code/App_Uds.c", line 2422: warning #177-D: variable
          "bNvMBlockStatus" was declared but never referenced
  	NvM_RequestResultType bNvMBlockStatus = NVM_REQ_NOT_OK;	 
  	                      ^

"Static_Code/App_Code/App_Uds.c", line 2539: warning #177-D: variable
          "bNvMBlockStatus" was declared but never referenced
  	NvM_RequestResultType bNvMBlockStatus = NVM_REQ_NOT_OK;	  
  	                      ^

"Static_Code/App_Code/App_Uds.c", line 3395: warning #69-D: integer conversion
          resulted in truncation
  		Uds.Int.TestPresentHoldCnt = Par_TestPresentHoldTime; // 4초
  		                             ^

Making binary(GN7_PE_WPC_APP.elf)
Making hex file
Making srec file
scons: done building targets.
