D:\ts_mirr\python\Portable_Python_2.7.6.1\App\python.exe D:\ts_mirr\scons\scons-local-2.3.4\scons.py -f.\Build\site_scons\SConstruct Compile -j8
scons: Reading SConscript files ...
AutoEver Toolset Version: 2.5.0
excluding list was not set for "Debug" in .cproject
excluding list was not set for "Release" in .cproject
scons: done reading SConscript files.
scons: Building targets ...
Compiling 1th file : App_NFC.c
Compiling 2th file : App_NvM.c
Compiling 3th file : App_Repro.c
Compiling 4th file : App_Uds.c
"Static_Code/App_Code/EcuInfo.h", line 302: warning #47-D: incompatible
          redefinition of macro "cAppSoftVerYear1" (declared at line 114)
  	#define cAppSoftVerYear1 'T'  // 내부버전 형식에 오류를 일으킴.(검증단계에서 발견되어야함.)
  	        ^

"Static_Code/App_Code/App_NvM.c", line 145: warning #1822-D: value of
          multicharacter literal is implementation-defined
  const uint8_t NvMBlkInitSting_QRCODE[QRCODE_SIZE]      = {'Q','R','C','O','D','E','1','2','3','4','5','6','7','8','9','10','11','12','13','14','15'};
                                                                                                                        ^

"Static_Code/App_Code/App_NvM.c", line 145: warning #1822-D: value of
          multicharacter literal is implementation-defined
  const uint8_t NvMBlkInitSting_QRCODE[QRCODE_SIZE]      = {'Q','R','C','O','D','E','1','2','3','4','5','6','7','8','9','10','11','12','13','14','15'};
                                                                                                                             ^

"Static_Code/App_Code/App_NvM.c", line 145: warning #1822-D: value of
          multicharacter literal is implementation-defined
  const uint8_t NvMBlkInitSting_QRCODE[QRCODE_SIZE]      = {'Q','R','C','O','D','E','1','2','3','4','5','6','7','8','9','10','11','12','13','14','15'};
                                                                                                                                  ^

"Static_Code/App_Code/App_NvM.c", line 145: warning #1822-D: value of
          multicharacter literal is implementation-defined
  const uint8_t NvMBlkInitSting_QRCODE[QRCODE_SIZE]      = {'Q','R','C','O','D','E','1','2','3','4','5','6','7','8','9','10','11','12','13','14','15'};
                                                                                                                                       ^

"Static_Code/App_Code/App_NvM.c", line 145: warning #1822-D: value of
          multicharacter literal is implementation-defined
  const uint8_t NvMBlkInitSting_QRCODE[QRCODE_SIZE]      = {'Q','R','C','O','D','E','1','2','3','4','5','6','7','8','9','10','11','12','13','14','15'};
                                                                                                                                            ^

"Static_Code/App_Code/App_NvM.c", line 145: warning #1822-D: value of
          multicharacter literal is implementation-defined
  const uint8_t NvMBlkInitSting_QRCODE[QRCODE_SIZE]      = {'Q','R','C','O','D','E','1','2','3','4','5','6','7','8','9','10','11','12','13','14','15'};
                                                                                                                                                 ^

"Static_Code/App_Code/App_NvM.c", line 145: warning #69-D: integer conversion
          resulted in truncation
  const uint8_t NvMBlkInitSting_QRCODE[QRCODE_SIZE]      = {'Q','R','C','O','D','E','1','2','3','4','5','6','7','8','9','10','11','12','13','14','15'};
                                                                                                                        ^

"Static_Code/App_Code/App_NvM.c", line 145: warning #69-D: integer conversion
          resulted in truncation
  const uint8_t NvMBlkInitSting_QRCODE[QRCODE_SIZE]      = {'Q','R','C','O','D','E','1','2','3','4','5','6','7','8','9','10','11','12','13','14','15'};
                                                                                                                             ^

"Static_Code/App_Code/App_NvM.c", line 145: warning #69-D: integer conversion
          resulted in truncation
  const uint8_t NvMBlkInitSting_QRCODE[QRCODE_SIZE]      = {'Q','R','C','O','D','E','1','2','3','4','5','6','7','8','9','10','11','12','13','14','15'};
                                                                                                                                  ^

"Static_Code/App_Code/App_NvM.c", line 145: warning #69-D: integer conversion
          resulted in truncation
  const uint8_t NvMBlkInitSting_QRCODE[QRCODE_SIZE]      = {'Q','R','C','O','D','E','1','2','3','4','5','6','7','8','9','10','11','12','13','14','15'};
                                                                                                                                       ^

"Static_Code/App_Code/App_NvM.c", line 145: warning #69-D: integer conversion
          resulted in truncation
  const uint8_t NvMBlkInitSting_QRCODE[QRCODE_SIZE]      = {'Q','R','C','O','D','E','1','2','3','4','5','6','7','8','9','10','11','12','13','14','15'};
                                                                                                                                            ^

"Static_Code/App_Code/App_NvM.c", line 145: warning #69-D: integer conversion
          resulted in truncation
  const uint8_t NvMBlkInitSting_QRCODE[QRCODE_SIZE]      = {'Q','R','C','O','D','E','1','2','3','4','5','6','7','8','9','10','11','12','13','14','15'};
                                                                                                                                                 ^

"Static_Code/App_Code/EcuInfo.h", line 302: warning #47-D: incompatible
          redefinition of macro "cAppSoftVerYear1" (declared at line 114)
  	#define cAppSoftVerYear1 'T'  // 내부버전 형식에 오류를 일으킴.(검증단계에서 발견되어야함.)
  	        ^

"Static_Code/NCJ3321_Code/aNFCReaderLibrary/types/ph_TypeDefs.h", line 181: warning #301-D: 
          typedef name has already been declared (with same type)
  typedef unsigned char uint8_t;	/* NIDEC_PORTING */
                        ^

"Static_Code/NCJ3321_Code/aNFCReaderLibrary/types/ph_TypeDefs.h", line 188: warning #301-D: 
          typedef name has already been declared (with same type)
  typedef unsigned short uint16_t;	/* NIDEC_PORTING */
                         ^

"Static_Code/NCJ3321_Code/aNFCReaderLibrary/types/ph_TypeDefs.h", line 195: warning #301-D: 
          typedef name has already been declared (with same type)
  typedef unsigned int uint32_t;	/* NIDEC_PORTING */
                       ^

"Static_Code/NCJ3321_Code/aNFCReaderLibrary/types/ph_TypeDefs.h", line 196: warning #301-D: 
          typedef name has already been declared (with same type)
  typedef unsigned long long uint64_t;
                             ^

"Static_Code/NCJ3321_Code/aNFCReaderLibrary/types/ph_TypeDefs.h", line 207: warning #301-D: 
          typedef name has already been declared (with same type)
  typedef signed char int8_t;	/* NIDEC_PORTING */
                      ^

"Static_Code/NCJ3321_Code/aNFCReaderLibrary/types/ph_TypeDefs.h", line 214: warning #301-D: 
          typedef name has already been declared (with same type)
  typedef short int16_t;	/* NIDEC_PORTING */
                ^

"Static_Code/NCJ3321_Code/aNFCReaderLibrary/types/ph_TypeDefs.h", line 221: warning #301-D: 
          typedef name has already been declared (with same type)
  typedef int int32_t;	/* NIDEC_PORTING */
              ^

"Static_Code/NCJ3321_Code/aNFCReaderLibrary/intfs/../comps/phpalFelica/src/Sw/phpalFelica_Sw_Int.h", line 221: warning #1-D: 
          last line of file ends without a newline
  #endif /* PHPALFELICA_SW_INT_H */
                                   ^

"Static_Code/NCJ3321_Code/aNFCReaderLibrary/types/ph_TypeDefs2.h", line 181: warning #301-D: 
          typedef name has already been declared (with same type)
  typedef unsigned char uint8_t;	/* NIDEC_PORTING */
                        ^

"Static_Code/NCJ3321_Code/aNFCReaderLibrary/types/ph_TypeDefs2.h", line 188: warning #301-D: 
          typedef name has already been declared (with same type)
  typedef unsigned short uint16_t;	/* NIDEC_PORTING */
                         ^

"Static_Code/NCJ3321_Code/aNFCReaderLibrary/types/ph_TypeDefs2.h", line 195: warning #301-D: 
          typedef name has already been declared (with same type)
  typedef unsigned int uint32_t;	/* NIDEC_PORTING */
                       ^

"Static_Code/NCJ3321_Code/aNFCReaderLibrary/types/ph_TypeDefs2.h", line 196: warning #301-D: 
          typedef name has already been declared (with same type)
  typedef unsigned long long uint64_t;
                             ^

"Static_Code/NCJ3321_Code/aNFCReaderLibrary/types/ph_TypeDefs2.h", line 207: warning #301-D: 
          typedef name has already been declared (with same type)
  typedef signed char int8_t;	/* NIDEC_PORTING */
                      ^

"Static_Code/NCJ3321_Code/aNFCReaderLibrary/types/ph_TypeDefs2.h", line 214: warning #301-D: 
          typedef name has already been declared (with same type)
  typedef short int16_t;	/* NIDEC_PORTING */
                ^

"Static_Code/NCJ3321_Code/aNFCReaderLibrary/types/ph_TypeDefs2.h", line 221: warning #301-D: 
          typedef name has already been declared (with same type)
  typedef int int32_t;	/* NIDEC_PORTING */
              ^

"Static_Code/NCJ3321_Code/aNFCReaderLibrary/types/ph_TypeDefs2.h", line 235: warning #301-D: 
          typedef name has already been declared (with same type)
  typedef float float32_t;
                ^

"Static_Code/NCJ3321_Code/aNFCReaderLibrary/types/ph_TypeDefs2.h", line 243: warning #301-D: 
          typedef name has already been declared (with same type)
  typedef uint32_t ph_NfcHandle;	/* NIDEC_PORTING */
                   ^

"Static_Code/NCJ3321_Code/aNFCReaderLibrary/intfs/../comps/phpalFelica/src/Sw/phpalFelica_Sw_Int2.h", line 221: warning #1-D: 
          last line of file ends without a newline
  #endif /* PHPALFELICA_SW_INT2_H */
                                    ^

"Static_Code/NCJ3321_Code/sampleApplications/aNfcrdlib_CardProtection2/intfs/distinguishing_types2.h", line 131: warning #47-D: 
          incompatible redefinition of macro "ERROR_MESSAGE" (declared at line
          131 of
          "Static_Code/NCJ3321_Code/sampleApplications/aNfcrdlib_CardProtection
          1/intfs/distinguishing_types.h")
  #define ERROR_MESSAGE(err)    CONSOLE_MESSAGE2("ERROR: %s\n", err)
          ^

"Static_Code/NCJ3321_Code/sampleApplications/aNfcrdlib_CardProtection2/intfs/CPAL2.h", line 43: warning #47-D: 
          incompatible redefinition of macro "UNUSED" (declared at line 43 of
          "Static_Code/NCJ3321_Code/sampleApplications/aNfcrdlib_CardProtection
          1/intfs/CPAL.h")
  #define UNUSED(param2) (void)(param2)
          ^

"Static_Code/App_Code/App_NFC.c", line 357: warning #177-D: variable "retValue"
          was declared but never referenced
  	uint8_t retValue;
  	        ^

"Static_Code/App_Code/App_NFC.c", line 1522: warning #1721-D: identifier
          shadows variable "TxRxLength" (declared at line 320)
  uint8_t  gs_SPI_TxRx(uint8_t Channel, uint8_t * TxBuf, uint8_t* RxBuf, uint16_t TxRxLength)
                                                                                  ^

"Static_Code/App_Code/App_NFC.c", line 1629: warning #177-D: variable "retval"
          was declared but never referenced
  	uint16_t retval = 0;
  	         ^

"Static_Code/App_Code/App_NFC.c", line 1754: warning #550-D: variable "ret_val"
          was set but never used
  	uint16_t		ret_val;
  	        		^

"Static_Code/App_Code/App_NFC.c", line 2462: warning #2017-D: detected
          potentially undefined behavior resulting from multiple unsequenced
          assignments to a stored value
  		retval = retval = NXP_NfcRdLib_Init2();
  		                ^

"Static_Code/App_Code/App_NFC.c", line 2479: warning #188-D: enumerated type
          mixed with another type
  	DIST_RESULT_t retval = 0U;
  	                       ^

"Static_Code/App_Code/App_NFC.c", line 2485: warning #188-D: enumerated type
          mixed with another type
  		retval = NXP_CardProtection_MainControl2();
  		       ^

"Static_Code/App_Code/App_NFC.c", line 2489: warning #188-D: enumerated type
          mixed with another type
  		retval = NXP_CardProtection_MainControl();
  		       ^

"Static_Code/App_Code/App_NFC.c", line 2502: warning #550-D: variable "retval"
          was set but never used
  	uint16_t retval = 0U;
  	         ^

"Static_Code/App_Code/App_NFC.c", line 318: warning #177-D: variable
          "RxDataBuf" was declared but never referenced
  static uint8_t RxDataBuf[38] = {0}; // Rx Data Buf
                 ^

"Static_Code/App_Code/App_NFC.c", line 319: warning #177-D: variable
          "TxDataBuf" was declared but never referenced
  static uint8_t TxDataBuf[24] = {0};
                 ^

"Static_Code/App_Code/App_NFC.c", line 320: warning #177-D: variable
          "TxRxLength" was declared but never referenced
  static uint16_t TxRxLength = 0;
                  ^

"Static_Code/App_Code/App_NFC.c", line 321: warning #177-D: variable "data"
          was declared but never referenced
  static uint8_t data = 0;
                 ^

"Static_Code/App_Code/App_NFC.c", line 340: warning #177-D: variable
          "WdtPulseToggle" was declared but never referenced
  static uint8_t WdtPulseToggle = 1;
                 ^

"Static_Code/App_Code/EcuInfo.h", line 302: warning #47-D: incompatible
          redefinition of macro "cAppSoftVerYear1" (declared at line 114)
  	#define cAppSoftVerYear1 'T'  // 내부버전 형식에 오류를 일으킴.(검증단계에서 발견되어야함.)
  	        ^

"Static_Code/App_Code/App_Uds.c", line 1773: warning #167-D: argument of type
          "unsigned int" is incompatible with parameter of type "const uint8 *"
          	Uds.Int.Sha256Resp += Hmg_Sha256Update(&Uds.Int.ShaCtx, CODE_BASE_START1, CODE_SIZE_UNIT);
          	                                                        ^

"Static_Code/App_Code/App_Uds.c", line 1773: warning #152-D: conversion of
          nonzero integer to pointer
          	Uds.Int.Sha256Resp += Hmg_Sha256Update(&Uds.Int.ShaCtx, CODE_BASE_START1, CODE_SIZE_UNIT);
          	                                                        ^

"Static_Code/App_Code/App_Uds.c", line 1784: warning #167-D: argument of type
          "unsigned long" is incompatible with parameter of type
          "const uint8 *"
                  Uds.Int.Sha256Resp += Hmg_Sha256Update(&Uds.Int.ShaCtx, (CODE_BASE_START1 + Uds.Int.IncreaseAdd), CODE_SIZE_UNIT);
                                                                          ^

"Static_Code/App_Code/App_Uds.c", line 1789: warning #167-D: argument of type
          "unsigned long" is incompatible with parameter of type
          "const uint8 *"
                  Uds.Int.Sha256Resp += Hmg_Sha256Update(&Uds.Int.ShaCtx, (CODE_BASE_START1 + Uds.Int.IncreaseAdd), (CODE_BASE_END1 - CODE_BASE_START1 - Uds.Int.IncreaseAdd + 1u));
                                                                          ^

"Static_Code/App_Code/App_Uds.c", line 1803: warning #167-D: argument of type
          "unsigned long" is incompatible with parameter of type
          "const uint8 *"
                  Uds.Int.Sha256Resp += Hmg_Sha256Update(&Uds.Int.ShaCtx, (CODE_BASE_START2 + Uds.Int.IncreaseAdd), CODE_SIZE_UNIT);
                                                                          ^

"Static_Code/App_Code/App_Uds.c", line 1809: warning #167-D: argument of type
          "unsigned long" is incompatible with parameter of type
          "const uint8 *"
                  Uds.Int.Sha256Resp += Hmg_Sha256Update(&Uds.Int.ShaCtx, (CODE_BASE_START2 + Uds.Int.IncreaseAdd), (CODE_BASE_END2 - CODE_BASE_START2 - Uds.Int.IncreaseAdd + 1u));
                                                                          ^

"Static_Code/App_Code/App_Uds.c", line 2422: warning #177-D: variable
          "bNvMBlockStatus" was declared but never referenced
  	NvM_RequestResultType bNvMBlockStatus = NVM_REQ_NOT_OK;	 
  	                      ^

"Static_Code/App_Code/App_Uds.c", line 2539: warning #177-D: variable
          "bNvMBlockStatus" was declared but never referenced
  	NvM_RequestResultType bNvMBlockStatus = NVM_REQ_NOT_OK;	  
  	                      ^

"Static_Code/App_Code/EcuInfo.h", line 302: warning #47-D: incompatible
          redefinition of macro "cAppSoftVerYear1" (declared at line 114)
  	#define cAppSoftVerYear1 'T'  // 내부버전 형식에 오류를 일으킴.(검증단계에서 발견되어야함.)
  	        ^

"Static_Code/App_Code/App_Repro.c", line 1086: warning #167-D: argument of
          type "void (*)(unsigned long)" is incompatible with parameter of
          type "scb_uart_handle_events_t"
  	Cy_SCB_UART_RegisterCallback(SCB3, ss_Scb_UART_Repro_Event, &g_stc_uart_repro_context);
  	                                   ^

"Static_Code/App_Code/App_Repro.c", line 1250: warning #1072-D: a declaration
          cannot have a label
  			uint8_t Line_Buffer[ONE_LINE_BUF_SIZE] = {0}; // local 변수에서 내부 변수로 변경
  			^

"Static_Code/App_Code/App_Repro.c", line 1270: warning #42-D: operand types
          are incompatible ("uint8_t" and "void *")
          	    if (Srecord_Char == NULL) // 문자열 배열 끝이 ASCII NULL 이면 끝나는 것이다.
          	                     ^

"Static_Code/App_Code/App_Repro.c", line 1280: warning #188-D: enumerated type
          mixed with another type
  					Record_Status = srecord_parse_line(Line_Buffer, line_cnt);
  					              ^

"Static_Code/App_Code/App_Repro.c", line 1312: warning #236-D: controlling
          expression is constant
          	        has_data = (Repro.Fls.new_record.data) && (Repro.Fls.new_record.dataCount);
          	                   ^

"Static_Code/App_Code/App_Repro.c", line 1500: warning #1072-D: a declaration
          cannot have a label
              serial_framing_packet_t data_packet;
              ^

"Static_Code/App_Code/App_Repro.c", line 1146: warning #546-D: transfer of
          control bypasses initialization of:
            variable "Line_Buffer" (declared at line 1250)
      switch(Repro.Fls.Repro_OperState)
      ^

"Static_Code/App_Code/App_Repro.c", line 1131: warning #177-D: variable
          "bNvMBlockStatus" was declared but never referenced
  	NvM_RequestResultType bNvMBlockStatus;
  	                      ^

"Static_Code/App_Code/App_Repro.c", line 1136: warning #550-D: variable
          "CommandTag" was set but never used
  	uint8_t CommandTag;
  	        ^

"Static_Code/App_Code/App_Repro.c", line 344: warning #177-D: variable
          "num_repro" was declared but never referenced
  static uint8_t num_repro;
                 ^

"Static_Code/App_Code/App_Repro.c", line 369: warning #177-D: function
          "read_flash_char" was declared but never referenced
  static uint8_t read_flash_char(const char *srecord, uint32_t index);
                 ^

"Static_Code/App_Code/App_Repro.c", line 375: warning #177-D: function
          "crc16_finalize" was declared but never referenced
  static void crc16_finalize(crc16_data_t *crc16Config, uint16_t *hash);
              ^

"Static_Code/App_Code/App_Repro.c", line 385: warning #177-D: function
          "ss_UART_Repro_CommRead" was declared but never referenced
  static void ss_UART_Repro_CommRead(void);
              ^

"Static_Code/App_Code/App_Repro.c", line 386: warning #177-D: function
          "Term_Repro_Input" was declared but never referenced
  static void Term_Repro_Input(void);
              ^

Making binary(GN7_PE_WPC_APP.elf)
Making hex file
Making srec file
scons: done building targets.
