D:\ts_mirr\python\Portable_Python_2.7.6.1\App\python.exe D:\ts_mirr\scons\scons-local-2.3.4\scons.py -f.\Build\site_scons\SConstruct Compile -j8
scons: Reading SConscript files ...
AutoEver Toolset Version: 2.5.0
excluding list was not set for "Debug" in .cproject
excluding list was not set for "Release" in .cproject
scons: done reading SConscript files.
scons: Building targets ...
Compiling 1th file : LowPower_Callout.c
Compiling 2th file : App_Repro.c
Compiling 3th file : App_UART.c
Compiling 4th file : App_WCT.c
"Static_Code/App_Code/EcuInfo.h", line 302: warning #47-D: incompatible
          redefinition of macro "cAppSoftVerYear1" (declared at line 114)
  	#define cAppSoftVerYear1 'T'  // 내부버전 형식에 오류를 일으킴.(검증단계에서 발견되어야함.)
  	        ^

"Static_Code/App_Code/EcuInfo.h", line 302: warning #47-D: incompatible
          redefinition of macro "cAppSoftVerYear1" (declared at line 114)
  	#define cAppSoftVerYear1 'T'  // 내부버전 형식에 오류를 일으킴.(검증단계에서 발견되어야함.)
  	        ^

"Static_Code/App_Code/App_UART.c", line 787: warning #167-D: argument of type
          "void (*)(unsigned long)" is incompatible with parameter of type
          "scb_uart_handle_events_t"
  	Cy_SCB_UART_RegisterCallback(SCB6, ss_Scb_UART_Event, &g_stc_uart_normal_context);
  	                                   ^

"Static_Code/App_Code/App_UART.c", line 1226: warning #188-D: enumerated type
          mixed with another type
  					UART.Int.Auth_Handler_State[Device] = UART.Out.Device_DVP[Device].Auth_Handler_State;
  					                                    ^

"Static_Code/App_Code/App_UART.c", line 1227: warning #188-D: enumerated type
          mixed with another type
  					UART.Int.Auth_Packet_State[Device] = UART.Out.Device_DVP[Device].Auth_Packet_State;
  					                                   ^

"Static_Code/App_Code/App_UART.c", line 1228: warning #188-D: enumerated type
          mixed with another type
  					UART.Int.Auth_Result_State[Device] = UART.Out.Device_DVP[Device].Auth_Result_State;
  					                                   ^

"Static_Code/App_Code/App_UART.c", line 245: warning #177-D: variable
          "num_normal" was declared but never referenced
  static uint8_t num_normal;
                 ^

"Static_Code/App_Code/EcuInfo.h", line 302: warning #47-D: incompatible
          redefinition of macro "cAppSoftVerYear1" (declared at line 114)
  	#define cAppSoftVerYear1 'T'  // 내부버전 형식에 오류를 일으킴.(검증단계에서 발견되어야함.)
  	        ^

"Static_Code/App_Code/App_Repro.c", line 1085: warning #167-D: argument of
          type "void (*)(unsigned long)" is incompatible with parameter of
          type "scb_uart_handle_events_t"
  	Cy_SCB_UART_RegisterCallback(SCB3, ss_Scb_UART_Repro_Event, &g_stc_uart_repro_context);
  	                                   ^

"Static_Code/App_Code/App_Repro.c", line 1249: warning #1072-D: a declaration
          cannot have a label
  			uint8_t Line_Buffer[ONE_LINE_BUF_SIZE] = {0}; // local 변수에서 내부 변수로 변경
  			^

"Static_Code/App_Code/App_Repro.c", line 1269: warning #42-D: operand types
          are incompatible ("uint8_t" and "void *")
          	    if (Srecord_Char == NULL) // 문자열 배열 끝이 ASCII NULL 이면 끝나는 것이다.
          	                     ^

"Static_Code/App_Code/App_Repro.c", line 1279: warning #188-D: enumerated type
          mixed with another type
  					Record_Status = srecord_parse_line(Line_Buffer, line_cnt);
  					              ^

"Static_Code/App_Code/App_Repro.c", line 1311: warning #236-D: controlling
          expression is constant
          	        has_data = (Repro.Fls.new_record.data) && (Repro.Fls.new_record.dataCount);
          	                   ^

"Static_Code/App_Code/App_Repro.c", line 1499: warning #1072-D: a declaration
          cannot have a label
              serial_framing_packet_t data_packet;
              ^

"Static_Code/App_Code/App_Repro.c", line 1145: warning #546-D: transfer of
          control bypasses initialization of:
            variable "Line_Buffer" (declared at line 1249)
      switch(Repro.Fls.Repro_OperState)
      ^

"Static_Code/App_Code/App_Repro.c", line 1130: warning #177-D: variable
          "bNvMBlockStatus" was declared but never referenced
  	NvM_RequestResultType bNvMBlockStatus;
  	                      ^

"Static_Code/App_Code/App_Repro.c", line 1135: warning #550-D: variable
          "CommandTag" was set but never used
  	uint8_t CommandTag;
  	        ^

"Static_Code/App_Code/App_Repro.c", line 343: warning #177-D: variable
          "num_repro" was declared but never referenced
  static uint8_t num_repro;
                 ^

"Static_Code/App_Code/App_Repro.c", line 368: warning #177-D: function
          "read_flash_char" was declared but never referenced
  static uint8_t read_flash_char(const char *srecord, uint32_t index);
                 ^

"Static_Code/App_Code/App_Repro.c", line 374: warning #177-D: function
          "crc16_finalize" was declared but never referenced
  static void crc16_finalize(crc16_data_t *crc16Config, uint16_t *hash);
              ^

"Static_Code/App_Code/App_Repro.c", line 384: warning #177-D: function
          "ss_UART_Repro_CommRead" was declared but never referenced
  static void ss_UART_Repro_CommRead(void);
              ^

"Static_Code/App_Code/App_Repro.c", line 385: warning #177-D: function
          "Term_Repro_Input" was declared but never referenced
  static void Term_Repro_Input(void);
              ^

"Static_Code/App_Code/EcuInfo.h", line 302: warning #47-D: incompatible
          redefinition of macro "cAppSoftVerYear1" (declared at line 114)
  	#define cAppSoftVerYear1 'T'  // 내부버전 형식에 오류를 일으킴.(검증단계에서 발견되어야함.)
  	        ^

"Static_Code/Integration_Code/integration_MemMap/integration_MemMap_GHS/MemMap.h", line 8504: warning #161-D: 
          unrecognized #pragma
    #pragma section all "NML_RAM_VAR_CLEARED_8"
            ^

"Static_Code/Integration_Code/integration_MemMap/integration_MemMap_GHS/MemMap.h", line 8505: warning #161-D: 
          unrecognized #pragma
    #pragma noclear
            ^

"Static_Code/Integration_Code/integration_MemMap/integration_MemMap_GHS/MemMap.h", line 8509: warning #161-D: 
          unrecognized #pragma
    #pragma clear
            ^

"Static_Code/Integration_Code/integration_MemMap/integration_MemMap_GHS/MemMap.h", line 8510: warning #161-D: 
          unrecognized #pragma
    #pragma section all restore
            ^

"Static_Code/Integration_Code/integration_MemMap/integration_MemMap_GHS/MemMap.h", line 8650: warning #161-D: 
          unrecognized #pragma
    #pragma section code "NML_CODE"
            ^

"Static_Code/Integration_Code/integration_MemMap/integration_MemMap_GHS/MemMap.h", line 8651: warning #161-D: 
          unrecognized #pragma
    #pragma section farrom "NML_ROM_CONST_UNSPECIFIED"
            ^

"Static_Code/Integration_Code/integration_MemMap/integration_MemMap_GHS/MemMap.h", line 8652: warning #161-D: 
          unrecognized #pragma
    #pragma section farbss "NML_RAM_VAR_CLEARED_UNSPECIFIED"
            ^

"Static_Code/Integration_Code/integration_MemMap/integration_MemMap_GHS/MemMap.h", line 8653: warning #161-D: 
          unrecognized #pragma
    #pragma section fardata "NML_RAM_VAR_INIT_UNSPECIFIED"
            ^

"Static_Code/Integration_Code/integration_MemMap/integration_MemMap_GHS/MemMap.h", line 8657: warning #161-D: 
          unrecognized #pragma
    #pragma section fardata restore
            ^

"Static_Code/Integration_Code/integration_MemMap/integration_MemMap_GHS/MemMap.h", line 8658: warning #161-D: 
          unrecognized #pragma
    #pragma section farbss restore
            ^

"Static_Code/Integration_Code/integration_MemMap/integration_MemMap_GHS/MemMap.h", line 8659: warning #161-D: 
          unrecognized #pragma
    #pragma section farrom restore
            ^

"Static_Code/Integration_Code/integration_MemMap/integration_MemMap_GHS/MemMap.h", line 8660: warning #161-D: 
          unrecognized #pragma
    #pragma section code restore
            ^

"Static_Code/Reference_Code/src/LowPower_Callout.c", line 75: warning #1544-D: 
          incompatibility associated with redeclaration of variable
          "EcuM_Cm4ScsRegBaseAddr": alignvar value differs from earlier
          declaration
  CONSTP2VAR(volatile Mcu_Cm4ScsRegType, AUTOMATIC, REGSPACE) EcuM_Cm4ScsRegBaseAddr =
                                                                                     ^

Making binary(GN7_PE_WPC_APP.elf)
Making hex file
Making srec file
scons: done building targets.
