D:\ts_mirr\python\Portable_Python_2.7.6.1\App\python.exe D:\ts_mirr\scons\scons-local-2.3.4\scons.py -f.\Build\site_scons\SConstruct Compile -j8
scons: Reading SConscript files ...
AutoEver Toolset Version: 2.5.0
excluding list was not set for "Debug" in .cproject
excluding list was not set for "Release" in .cproject
scons: done reading SConscript files.
scons: Building targets ...
Compiling 1th file : App_NvM.c
"Static_Code/App_Code/EcuInfo.h", line 302: warning #47-D: incompatible
          redefinition of macro "cAppSoftVerYear1" (declared at line 114)
  	#define cAppSoftVerYear1 'T'  // 내부버전 형식에 오류를 일으킴.(검증단계에서 발견되어야함.)
  	        ^

"Static_Code/App_Code/App_NvM.c", line 60: error #19: extra text after
          expected end of number
  	uint8_t 1B_Data_Buf[BLK_NO_1BYTE_MAX];
  	         ^

"Static_Code/App_Code/App_NvM.c", line 60: error #40: expected an identifier
  	uint8_t 1B_Data_Buf[BLK_NO_1BYTE_MAX];
  	        ^

"Static_Code/App_Code/App_NvM.c", line 135: warning #1822-D: value of
          multicharacter literal is implementation-defined
  const uint8_t NvMBlkInitSting_QRCODE[QRCODE_SIZE]      = {'Q','R','C','O','D','E','1','2','3','4','5','6','7','8','9','10','11','12','13','14','15'};
                                                                                                                        ^

"Static_Code/App_Code/App_NvM.c", line 135: warning #1822-D: value of
          multicharacter literal is implementation-defined
  const uint8_t NvMBlkInitSting_QRCODE[QRCODE_SIZE]      = {'Q','R','C','O','D','E','1','2','3','4','5','6','7','8','9','10','11','12','13','14','15'};
                                                                                                                             ^

"Static_Code/App_Code/App_NvM.c", line 135: warning #1822-D: value of
          multicharacter literal is implementation-defined
  const uint8_t NvMBlkInitSting_QRCODE[QRCODE_SIZE]      = {'Q','R','C','O','D','E','1','2','3','4','5','6','7','8','9','10','11','12','13','14','15'};
                                                                                                                                  ^

"Static_Code/App_Code/App_NvM.c", line 135: warning #1822-D: value of
          multicharacter literal is implementation-defined
  const uint8_t NvMBlkInitSting_QRCODE[QRCODE_SIZE]      = {'Q','R','C','O','D','E','1','2','3','4','5','6','7','8','9','10','11','12','13','14','15'};
                                                                                                                                       ^

"Static_Code/App_Code/App_NvM.c", line 135: warning #1822-D: value of
          multicharacter literal is implementation-defined
  const uint8_t NvMBlkInitSting_QRCODE[QRCODE_SIZE]      = {'Q','R','C','O','D','E','1','2','3','4','5','6','7','8','9','10','11','12','13','14','15'};
                                                                                                                                            ^

"Static_Code/App_Code/App_NvM.c", line 135: warning #1822-D: value of
          multicharacter literal is implementation-defined
  const uint8_t NvMBlkInitSting_QRCODE[QRCODE_SIZE]      = {'Q','R','C','O','D','E','1','2','3','4','5','6','7','8','9','10','11','12','13','14','15'};
                                                                                                                                                 ^

"Static_Code/App_Code/App_NvM.c", line 135: warning #69-D: integer conversion
          resulted in truncation
  const uint8_t NvMBlkInitSting_QRCODE[QRCODE_SIZE]      = {'Q','R','C','O','D','E','1','2','3','4','5','6','7','8','9','10','11','12','13','14','15'};
                                                                                                                        ^

"Static_Code/App_Code/App_NvM.c", line 135: warning #69-D: integer conversion
          resulted in truncation
  const uint8_t NvMBlkInitSting_QRCODE[QRCODE_SIZE]      = {'Q','R','C','O','D','E','1','2','3','4','5','6','7','8','9','10','11','12','13','14','15'};
                                                                                                                             ^

"Static_Code/App_Code/App_NvM.c", line 135: warning #69-D: integer conversion
          resulted in truncation
  const uint8_t NvMBlkInitSting_QRCODE[QRCODE_SIZE]      = {'Q','R','C','O','D','E','1','2','3','4','5','6','7','8','9','10','11','12','13','14','15'};
                                                                                                                                  ^

"Static_Code/App_Code/App_NvM.c", line 135: warning #69-D: integer conversion
          resulted in truncation
  const uint8_t NvMBlkInitSting_QRCODE[QRCODE_SIZE]      = {'Q','R','C','O','D','E','1','2','3','4','5','6','7','8','9','10','11','12','13','14','15'};
                                                                                                                                       ^

"Static_Code/App_Code/App_NvM.c", line 135: warning #69-D: integer conversion
          resulted in truncation
  const uint8_t NvMBlkInitSting_QRCODE[QRCODE_SIZE]      = {'Q','R','C','O','D','E','1','2','3','4','5','6','7','8','9','10','11','12','13','14','15'};
                                                                                                                                            ^

"Static_Code/App_Code/App_NvM.c", line 135: warning #69-D: integer conversion
          resulted in truncation
  const uint8_t NvMBlkInitSting_QRCODE[QRCODE_SIZE]      = {'Q','R','C','O','D','E','1','2','3','4','5','6','7','8','9','10','11','12','13','14','15'};
                                                                                                                                                 ^

"Static_Code/App_Code/App_NvM.c", line 271: error #136: struct "<unnamed>" has
          no field "NvMBlk_1B_Data_Buf"
  				NvM.Int.NvMBlk_1B_Data_Buf[bId] = NvMBlk_1B_Data[bId]; /* NvM Block (EEPROM) -> Application Copy */
  				        ^

"Static_Code/App_Code/App_NvM.c", line 304: error #136: struct "<unnamed>" has
          no field "NvMBlk_ECU_Info_Buf"
  						memcpy(NvM.Int.NvMBlk_ECU_Info_Buf, NvMBlk_ECU_Info, ECU_INFO_SIZE);					
  						               ^

"Static_Code/App_Code/App_NvM.c", line 308: error #136: struct "<unnamed>" has
          no field "NvMBlk_SerialNum_Buf"
  						memcpy(NvM.Int.NvMBlk_SerialNum_Buf, NvMBlk_SerialNum, SERIAL_NUM_SIZE);				
  						               ^

"Static_Code/App_Code/App_NvM.c", line 312: error #136: struct "<unnamed>" has
          no field "NvMBlk_QRCode_Buf"
  						memcpy(NvM.Int.NvMBlk_QRCode_Buf, NvMBlk_QRCode, QRCODE_SIZE);						
  						               ^

"Static_Code/App_Code/App_NvM.c", line 316: error #136: struct "<unnamed>" has
          no field "NvMBlk_WctSourceVer_Buf"
  						memcpy(NvM.Int.NvMBlk_WctSourceVer_Buf, NvMBlk_WCT_SwVer, WCT_VER_SIZE);						
  						               ^

"Static_Code/App_Code/App_NvM.c", line 362: error #136: struct "<unnamed>" has
          no field "NvMBlk_1B_Data_Buf"
  		NvM.Out.Device[0].m_ProfileGuestWPCUSM = NvM.Int.NvMBlk_1B_Data_Buf[BLK_NO_1B_ProfileGuestWPCUSM_0];		
  		                                                 ^

"Static_Code/App_Code/App_NvM.c", line 367: error #136: struct "<unnamed>" has
          no field "NvMBlk_1B_Data_Buf"
  		NvM.Out.Device[0].m_ProfileOneWPCUSM = NvM.Int.NvMBlk_1B_Data_Buf[BLK_NO_1B_ProfileOneWPCUSM_0];		
  		                                               ^

"Static_Code/App_Code/App_NvM.c", line 372: error #136: struct "<unnamed>" has
          no field "NvMBlk_1B_Data_Buf"
  		NvM.Out.Device[0].m_ProfileTwoWPCUSM = NvM.Int.NvMBlk_1B_Data_Buf[BLK_NO_1B_ProfileTwoWPCUSM_0];		
  		                                               ^

"Static_Code/App_Code/App_NvM.c", line 377: error #136: struct "<unnamed>" has
          no field "NvMBlk_1B_Data_Buf"
  		NvM.Out.m_AutoBrightSta = NvM.Int.NvMBlk_1B_Data_Buf[BLK_NO_1B_AutoBrightSta];		
  		                                  ^

"Static_Code/App_Code/App_NvM.c", line 382: error #136: struct "<unnamed>" has
          no field "NvMBlk_1B_Data_Buf"
  		NvM.Out.Device[1].m_ProfileGuestWPCUSM = NvM.Int.NvMBlk_1B_Data_Buf[BLK_NO_1B_ProfileGuestWPCUSM_1];		
  		                                                 ^

"Static_Code/App_Code/App_NvM.c", line 387: error #136: struct "<unnamed>" has
          no field "NvMBlk_1B_Data_Buf"
  		NvM.Out.Device[1].m_ProfileOneWPCUSM = NvM.Int.NvMBlk_1B_Data_Buf[BLK_NO_1B_ProfileOneWPCUSM_1];		
  		                                               ^

"Static_Code/App_Code/App_NvM.c", line 392: error #136: struct "<unnamed>" has
          no field "NvMBlk_1B_Data_Buf"
  		NvM.Out.Device[1].m_ProfileTwoWPCUSM = NvM.Int.NvMBlk_1B_Data_Buf[BLK_NO_1B_ProfileTwoWPCUSM_1];		
  		                                               ^

"Static_Code/App_Code/App_NvM.c", line 397: error #136: struct "<unnamed>" has
          no field "NvMBlk_1B_Data_Buf"
  		NvM.Out.m_PDCReset = NvM.Int.NvMBlk_1B_Data_Buf[BLK_NO_1B_PDCReset];		
  		                             ^

"Static_Code/App_Code/App_NvM.c", line 402: error #136: struct "<unnamed>" has
          no field "NvMBlk_1B_Data_Buf"
  		NvM.Out.m_ANT_Calibration = NvM.Int.NvMBlk_1B_Data_Buf[BLK_NO_1B_ANT_Calibration];		
  		                                    ^

"Static_Code/App_Code/App_NvM.c", line 407: error #136: struct "<unnamed>" has
          no field "NvMBlk_1B_Data_Buf"
  		NvM.Out.m_B0BADisableCnt = NvM.Int.NvMBlk_1B_Data_Buf[BLK_NO_1B_B0BADisableCnt];			
  		                                   ^

"Static_Code/App_Code/App_NvM.c", line 412: error #136: struct "<unnamed>" has
          no field "NvMBlk_1B_Data_Buf"
  		NvM.Out.m_WctReproRequest = NvM.Int.NvMBlk_1B_Data_Buf[BLK_NO_1B_WctReproRequest];/* 0108_13 */		
  		                                    ^

"Static_Code/App_Code/App_NvM.c", line 435: error #136: struct "<unnamed>" has
          no field "NvMBlk_ECU_Info_Buf"
  		memcpy( NvM.Out.m_ECU_Info, NvM.Int.NvMBlk_ECU_Info_Buf, ECU_INFO_SIZE);
  		                                    ^

"Static_Code/App_Code/App_NvM.c", line 440: error #136: struct "<unnamed>" has
          no field "NvMBlk_SerialNum_Buf"
  		memcpy(NvM.Out.m_SerialNum, NvM.Int.NvMBlk_SerialNum_Buf, SERIAL_NUM_SIZE);
  		                                    ^

"Static_Code/App_Code/App_NvM.c", line 445: error #136: struct "<unnamed>" has
          no field "NvMBlk_QRCode_Buf"
  		memcpy(NvM.Out.m_QRCode, NvM.Int.NvMBlk_QRCode_Buf, QRCODE_SIZE);
  		                                 ^

"Static_Code/App_Code/App_NvM.c", line 450: error #136: struct "<unnamed>" has
          no field "NvMBlk_WctSourceVer_Buf"
  		memcpy(NvM.Out.m_WctSourceVer, NvM.Int.NvMBlk_WctSourceVer_Buf, ECU_INFO_SIZE);
  		                                       ^

"Static_Code/App_Code/App_NvM.c", line 551: error #136: struct "<unnamed>" has
          no field "NvMBlk_ECU_Info_Buf"
  	if(( NvM.Int.NvMBlk_ECU_Info_Buf[5] == cTYPE4_PartNo1) &&
  	             ^

"Static_Code/App_Code/App_NvM.c", line 552: error #136: struct "<unnamed>" has
          no field "NvMBlk_ECU_Info_Buf"
  	( NvM.Int.NvMBlk_ECU_Info_Buf[6] == cTYPE4_PartNo2) &&
  	          ^

"Static_Code/App_Code/App_NvM.c", line 553: error #136: struct "<unnamed>" has
          no field "NvMBlk_ECU_Info_Buf"
  	( NvM.Int.NvMBlk_ECU_Info_Buf[7] == cTYPE4_PartNo3))
  	          ^

"Static_Code/App_Code/App_NvM.c", line 558: error #136: struct "<unnamed>" has
          no field "NvMBlk_ECU_Info_Buf"
  	else if(( NvM.Int.NvMBlk_ECU_Info_Buf[5] == cTYPE5_PartNo1) &&
  	                  ^

"Static_Code/App_Code/App_NvM.c", line 559: error #136: struct "<unnamed>" has
          no field "NvMBlk_ECU_Info_Buf"
  	( NvM.Int.NvMBlk_ECU_Info_Buf[6] == cTYPE5_PartNo2) &&
  	          ^

"Static_Code/App_Code/App_NvM.c", line 560: error #136: struct "<unnamed>" has
          no field "NvMBlk_ECU_Info_Buf"
  	( NvM.Int.NvMBlk_ECU_Info_Buf[7] == cTYPE5_PartNo3))
  	          ^

"Static_Code/App_Code/App_NvM.c", line 565: error #136: struct "<unnamed>" has
          no field "NvMBlk_ECU_Info_Buf"
  	else if(( NvM.Int.NvMBlk_ECU_Info_Buf[5] == cTYPE6_PartNo1) &&
  	                  ^

"Static_Code/App_Code/App_NvM.c", line 566: error #136: struct "<unnamed>" has
          no field "NvMBlk_ECU_Info_Buf"
  	( NvM.Int.NvMBlk_ECU_Info_Buf[6] == cTYPE6_PartNo2) &&
  	          ^

"Static_Code/App_Code/App_NvM.c", line 567: error #136: struct "<unnamed>" has
          no field "NvMBlk_ECU_Info_Buf"
  	( NvM.Int.NvMBlk_ECU_Info_Buf[7] == cTYPE6_PartNo3))
  	          ^

"Static_Code/App_Code/App_NvM.c", line 675: error #136: struct "<unnamed>" has
          no field "NvMBlk_1B_Data_Buf"
  		if (NvM.Int.NvMBlk_1B_Data_Buf[bId] != NvM.Int.NvMBlk_1B_Data_Array[bId])
  		            ^

"Static_Code/App_Code/App_NvM.c", line 678: error #136: struct "<unnamed>" has
          no field "NvMBlk_1B_Data_Buf"
  			NvM.Int.NvMBlk_1B_Data_Buf[bId] = NvM.Int.NvMBlk_1B_Data_Array[bId];
  			        ^

"Static_Code/App_Code/App_NvM.c", line 694: error #136: struct "<unnamed>" has
          no field "NvMBlk_1B_Data_Buf"
  					if (NvM.Int.NvMBlk_1B_Data_Buf[bId] == NvMBlk_1B_Data[bId]) // 요청 후 라이팅 완료시까지 약 60ms 정도 소요되는듯.
  					            ^

"Static_Code/App_Code/App_NvM.c", line 702: error #136: struct "<unnamed>" has
          no field "NvMBlk_1B_Data_Buf"
  						NvMBlk_1B_Data[bId] = NvM.Int.NvMBlk_1B_Data_Buf[bId];
  						                              ^

"Static_Code/App_Code/App_NvM.c", line 715: error #136: struct "<unnamed>" has
          no field "NvMBlk_1B_Data_Buf"
  							NvM.Int.NvMBlk_1B_Data_Buf[bId] = NvMBlk_1B_Data[bId];						
  							        ^

"Static_Code/App_Code/App_NvM.c", line 754: error #136: struct "<unnamed>" has
          no field "NvMBlk_ECU_Info_Buf"
  	if(memcmp(NvM.Int.NvMBlk_ECU_Info_Buf, NvM.Inp_Uds.m_ECU_Info, ECU_INFO_SIZE) != 0) // 동일할 경우 0, 다를경우 음수/양수
  	                  ^

"Static_Code/App_Code/App_NvM.c", line 757: error #136: struct "<unnamed>" has
          no field "NvMBlk_ECU_Info_Buf"
  		memcpy(NvM.Int.NvMBlk_ECU_Info_Buf, NvM.Inp_Uds.m_ECU_Info, ECU_INFO_SIZE);
  		               ^

"Static_Code/App_Code/App_NvM.c", line 759: error #136: struct "<unnamed>" has
          no field "NvMBlk_SerialNum_Buf"
  	if(memcmp(NvM.Int.NvMBlk_SerialNum_Buf, NvM.Inp_Uds.m_SerialNum, SERIAL_NUM_SIZE) != 0) // 동일할 경우 0, 다를경우 음수/양수
  	                  ^

"Static_Code/App_Code/App_NvM.c", line 762: error #136: struct "<unnamed>" has
          no field "NvMBlk_SerialNum_Buf"
  		memcpy(NvM.Int.NvMBlk_SerialNum_Buf, NvM.Inp_Uds.m_SerialNum, SERIAL_NUM_SIZE);
  		               ^

"Static_Code/App_Code/App_NvM.c", line 764: error #136: struct "<unnamed>" has
          no field "NvMBlk_QRCode_Buf"
  	if(memcmp(NvM.Int.NvMBlk_QRCode_Buf, NvM.Inp_Uds.m_QRCode, QRCODE_SIZE) != 0) // 동일할 경우 0, 다를경우 음수/양수
  	                  ^

"Static_Code/App_Code/App_NvM.c", line 767: error #136: struct "<unnamed>" has
          no field "NvMBlk_QRCode_Buf"
  		memcpy(NvM.Int.NvMBlk_QRCode_Buf, NvM.Inp_Uds.m_QRCode, QRCODE_SIZE);
  		               ^

"Static_Code/App_Code/App_NvM.c", line 769: error #136: struct "<unnamed>" has
          no field "NvMBlk_WctSourceVer_Buf"
  	if(memcmp(NvM.Int.NvMBlk_WctSourceVer_Buf, NvM.Inp_Repro.m_WctSourceVer, WCT_VER_SIZE) != 0) // 동일할 경우 0, 다를경우 음수/양수
  	                  ^

"Static_Code/App_Code/App_NvM.c", line 772: error #136: struct "<unnamed>" has
          no field "NvMBlk_WctSourceVer_Buf"
  		memcpy(NvM.Int.NvMBlk_WctSourceVer_Buf, NvM.Inp_Repro.m_WctSourceVer, WCT_VER_SIZE);
  		               ^

"Static_Code/App_Code/App_NvM.c", line 794: error #136: struct "<unnamed>" has
          no field "NvMBlk_ECU_Info_Buf"
  							if(memcmp(NvM.Int.NvMBlk_ECU_Info_Buf, NvMBlk_ECU_Info, ECU_INFO_SIZE) == 0) // 동일할 경우 0, 다를경우 음수/양수
  							                  ^

"Static_Code/App_Code/App_NvM.c", line 801: error #136: struct "<unnamed>" has
          no field "NvMBlk_ECU_Info_Buf"
  								memcpy(NvMBlk_ECU_Info, NvM.Int.NvMBlk_ECU_Info_Buf, ECU_INFO_SIZE);	
  								                                ^

"Static_Code/App_Code/App_NvM.c", line 811: error #136: struct "<unnamed>" has
          no field "NvMBlk_ECU_Info_Buf"
  									memcpy(NvM.Int.NvMBlk_ECU_Info_Buf, NvMBlk_ECU_Info, ECU_INFO_SIZE);	
  									               ^

"Static_Code/App_Code/App_NvM.c", line 820: error #136: struct "<unnamed>" has
          no field "NvMBlk_SerialNum_Buf"
  							if(memcmp(NvM.Int.NvMBlk_SerialNum_Buf, NvMBlk_SerialNum, SERIAL_NUM_SIZE) == 0) // 동일할 경우 0, 다를경우 음수/양수
  							                  ^

"Static_Code/App_Code/App_NvM.c", line 827: error #136: struct "<unnamed>" has
          no field "NvMBlk_SerialNum_Buf"
  								memcpy(NvMBlk_SerialNum, NvM.Int.NvMBlk_SerialNum_Buf, SERIAL_NUM_SIZE);							
  								                                 ^

"Static_Code/App_Code/App_NvM.c", line 837: error #136: struct "<unnamed>" has
          no field "NvMBlk_SerialNum_Buf"
  									memcpy(NvM.Int.NvMBlk_SerialNum_Buf, NvMBlk_SerialNum, SERIAL_NUM_SIZE);	
  									               ^

"Static_Code/App_Code/App_NvM.c", line 846: error #136: struct "<unnamed>" has
          no field "NvMBlk_QRCode_Buf"
  							if(memcmp(NvM.Int.NvMBlk_QRCode_Buf, NvMBlk_QRCode, QRCODE_SIZE) == 0) // 동일할 경우 0, 다를경우 음수/양수
  							                  ^

"Static_Code/App_Code/App_NvM.c", line 853: error #136: struct "<unnamed>" has
          no field "NvMBlk_QRCode_Buf"
  								memcpy(NvMBlk_QRCode, NvM.Int.NvMBlk_QRCode_Buf, QRCODE_SIZE);									
  								                              ^

"Static_Code/App_Code/App_NvM.c", line 863: error #136: struct "<unnamed>" has
          no field "NvMBlk_QRCode_Buf"
  									memcpy(NvM.Int.NvMBlk_QRCode_Buf, NvMBlk_QRCode, QRCODE_SIZE);	
  									               ^

"Static_Code/App_Code/App_NvM.c", line 872: error #136: struct "<unnamed>" has
          no field "NvMBlk_WctSourceVer_Buf"
  							if(memcmp(NvM.Int.NvMBlk_WctSourceVer_Buf, NvMBlk_WCT_SwVer, WCT_VER_SIZE) == 0) // 동일할 경우 0, 다를경우 음수/양수
  							                  ^

"Static_Code/App_Code/App_NvM.c", line 879: error #136: struct "<unnamed>" has
          no field "NvMBlk_WctSourceVer_Buf"
  								memcpy(NvMBlk_WCT_SwVer, NvM.Int.NvMBlk_WctSourceVer_Buf, WCT_VER_SIZE);								
  								                                 ^

"Static_Code/App_Code/App_NvM.c", line 889: error #136: struct "<unnamed>" has
          no field "NvMBlk_WctSourceVer_Buf"
  									memcpy(NvM.Int.NvMBlk_WctSourceVer_Buf, NvMBlk_WCT_SwVer, WCT_VER_SIZE);	
  									               ^

scons: *** [Debug\Static_Code\App_Code\App_NvM.o] Error 1
scons: building terminated because of errors.
