D:\ts_mirr\python\Portable_Python_2.7.6.1\App\python.exe D:\ts_mirr\scons\scons-local-2.3.4\scons.py -f.\Build\site_scons\SConstruct Compile -j8
scons: Reading SConscript files ...
AutoEver Toolset Version: 2.5.0
excluding list was not set for "Debug" in .cproject
excluding list was not set for "Release" in .cproject
scons: done reading SConscript files.
scons: Building targets ...
Compiling 1th file : App_CAN_TX.c
Compiling 2th file : App_Repro.c
Compiling 3th file : App_Secure.c
Compiling 4th file : App_UART.c
Compiling 5th file : App_Uds.c
Compiling 6th file : App_Version.c
Compiling 7th file : App_WCT.c
Compiling 8th file : App_WDT.c
"Static_Code/App_Code/EcuInfo.h", line 298: warning #47-D: incompatible
          redefinition of macro "cAppSoftVerYear1" (declared at line 114)
  	#define cAppSoftVerYear1 'T'  // 내부버전 형식에 오류를 일으킴.(검증단계에서 발견되어야함.)
  	        ^

"Static_Code/App_Code/EcuInfo.h", line 298: warning #47-D: incompatible
          redefinition of macro "cAppSoftVerYear1" (declared at line 114)
  	#define cAppSoftVerYear1 'T'  // 내부버전 형식에 오류를 일으킴.(검증단계에서 발견되어야함.)
  	        ^

"Static_Code/App_Code/App_WCT.c", line 461: error #165: too few arguments in
          function call
  		ss_WCT_PowerResetCheck();
  		                       ^

"Static_Code/App_Code/App_WCT.c", line 634: error #109: expression preceding
          parentheses of apparent call must have (pointer-to-) function type
  			((WCT.Inp_Model.Device[Device].PhnLeftChk_Enable == OFF) && // 폰방치 종료시
  			^

scons: *** [Debug\Static_Code\App_Code\App_WCT.o] Error 1
Compiling 9th file : CPAL.c
"Static_Code/App_Code/EcuInfo.h", line 298: warning #47-D: incompatible
          redefinition of macro "cAppSoftVerYear1" (declared at line 114)
  	#define cAppSoftVerYear1 'T'  // 내부버전 형식에 오류를 일으킴.(검증단계에서 발견되어야함.)
  	        ^

"Static_Code/App_Code/App_Secure.c", line 58: warning #550-D: variable
          "ConfigLockEnableResult" was set but never used
  	static Std_ReturnType ConfigLockEnableResult = 0;
  	                      ^

"Static_Code/App_Code/EcuInfo.h", line 298: warning #47-D: incompatible
          redefinition of macro "cAppSoftVerYear1" (declared at line 114)
  	#define cAppSoftVerYear1 'T'  // 내부버전 형식에 오류를 일으킴.(검증단계에서 발견되어야함.)
  	        ^

"Static_Code/App_Code/App_WDT.c", line 271: warning #177-D: function
          "ss_WDT_CCU_Reset" was declared but never referenced
  static void ss_WDT_CCU_Reset(void) /* 0108_10 */
              ^

"Static_Code/App_Code/EcuInfo.h", line 298: warning #47-D: incompatible
          redefinition of macro "cAppSoftVerYear1" (declared at line 114)
  	#define cAppSoftVerYear1 'T'  // 내부버전 형식에 오류를 일으킴.(검증단계에서 발견되어야함.)
  	        ^

"Static_Code/Integration_Code/integration_Fota_F/usercode/Fota_User_Callouts.h", line 64: warning #193-D: 
          zero used for undefined preprocessing identifier "HWRESOURCE_TC33X"
         HWRESOURCE_FAMILY(HWRESOURCE_TC33X) ||\
         ^

"Static_Code/Integration_Code/integration_Fota_F/usercode/Fota_User_Callouts.h", line 65: warning #193-D: 
          zero used for undefined preprocessing identifier "HWRESOURCE_TC36X"
         HWRESOURCE_FAMILY(HWRESOURCE_TC36X) ||\
         ^

"Static_Code/Integration_Code/integration_Fota_F/usercode/Fota_User_Callouts.h", line 66: warning #193-D: 
          zero used for undefined preprocessing identifier "HWRESOURCE_TC37X"
         HWRESOURCE_FAMILY(HWRESOURCE_TC37X) ||\
         ^

"Static_Code/Integration_Code/integration_Fota_F/usercode/Fota_User_Callouts.h", line 75: warning #193-D: 
          zero used for undefined preprocessing identifier "HWRESOURCE_SPC58XH"
         (HWRESOURCE_FAMILY(HWRESOURCE_SPC58XH)))
          ^

"Static_Code/Integration_Code/integration_Fota_F/usercode/Fota_User_Callouts.h", line 111: warning #193-D: 
          zero used for undefined preprocessing identifier "HWRESOURCE_SPC58XH"
        (HWRESOURCE_FAMILY(HWRESOURCE_SPC58XH)))
         ^

"Static_Code/Integration_Code/integration_Fota_F/usercode/Fota_User_Callouts.h", line 195: warning #193-D: 
          zero used for undefined preprocessing identifier
          "HWRESOURCE_RH850U2AX"
  #if HWRESOURCE_FAMILY(HWRESOURCE_RH850U2AX)
      ^

"Static_Code/Integration_Code/integration_Fota_F/usercode/Fota_User_Callouts.h", line 288: warning #193-D: 
          zero used for undefined preprocessing identifier "HWRESOURCE_TC33X"
  #if ( HWRESOURCE_FAMILY(HWRESOURCE_TC33X) || HWRESOURCE_FAMILY(HWRESOURCE_TC35X) || HWRESOURCE_FAMILY(HWRESOURCE_TC36X) || \
        ^

"Static_Code/Integration_Code/integration_Fota_F/usercode/Fota_User_Callouts.h", line 288: warning #193-D: 
          zero used for undefined preprocessing identifier "HWRESOURCE_TC35X"
  #if ( HWRESOURCE_FAMILY(HWRESOURCE_TC33X) || HWRESOURCE_FAMILY(HWRESOURCE_TC35X) || HWRESOURCE_FAMILY(HWRESOURCE_TC36X) || \
                                               ^

"Static_Code/Integration_Code/integration_Fota_F/usercode/Fota_User_Callouts.h", line 288: warning #193-D: 
          zero used for undefined preprocessing identifier "HWRESOURCE_TC36X"
  #if ( HWRESOURCE_FAMILY(HWRESOURCE_TC33X) || HWRESOURCE_FAMILY(HWRESOURCE_TC35X) || HWRESOURCE_FAMILY(HWRESOURCE_TC36X) || \
                                                                                      ^

"Static_Code/Integration_Code/integration_Fota_F/usercode/Fota_User_Callouts.h", line 289: warning #193-D: 
          zero used for undefined preprocessing identifier "HWRESOURCE_TC37X"
        HWRESOURCE_FAMILY(HWRESOURCE_TC37X) || HWRESOURCE_FAMILY(HWRESOURCE_TC38X) || HWRESOURCE_FAMILY(HWRESOURCE_TC39X) )
        ^

"Static_Code/App_Code/App_CAN_TX.c", line 132: warning #177-D: variable
          "ErrM_CycleCnt" was declared but never referenced
  	static uint16_t ErrM_CycleCnt = 0;
  	                ^

"Static_Code/App_Code/App_CAN_TX.c", line 102: warning #550-D: variable
          "WPC_FD_VCRM_01_00ms_tmp_old" was set but never used
  static MsgGr_E2E_BCAN_WPC_FD_VCRM_01_00ms WPC_FD_VCRM_01_00ms_tmp_old = {0};
                                            ^

"Static_Code/App_Code/App_CAN_TX.c", line 533: warning #177-D: function
          "ss_CAN_TX_DvpMessageClear" was declared but never referenced
  static void ss_CAN_TX_DvpMessageClear(void)
              ^

"Static_Code/NCJ3321_Code/DAL/inc/phDriver.h", line 232: warning #193-D: zero
          used for undefined preprocessing identifier "PIN_IRQ_TRIGGER_TYPE"
  #if (PIN_IRQ_TRIGGER_TYPE == IRQ_TRIGGER_TYPE_RISINGEDGE)
       ^

"Static_Code/NCJ3321_Code/DAL/inc/phDriver.h", line 232: warning #193-D: zero
          used for undefined preprocessing identifier
          "IRQ_TRIGGER_TYPE_RISINGEDGE"
  #if (PIN_IRQ_TRIGGER_TYPE == IRQ_TRIGGER_TYPE_RISINGEDGE)
                               ^

"Static_Code/NCJ3321_Code/aNFCReaderLibrary/intfs/../comps/phpalFelica/src/Sw/phpalFelica_Sw_Int.h", line 221: warning #1-D: 
          last line of file ends without a newline
  #endif /* PHPALFELICA_SW_INT_H */
                                   ^

"D:\ts_mirr\gh\ARM.V2017.1.4\comp_201714\ansi\stdint.h", line 24: warning #301-D: 
          typedef name has already been declared (with same type)
    typedef   signed char int8_t;
                          ^

"D:\ts_mirr\gh\ARM.V2017.1.4\comp_201714\ansi\stdint.h", line 25: warning #301-D: 
          typedef name has already been declared (with same type)
    typedef unsigned char uint8_t;
                          ^

"D:\ts_mirr\gh\ARM.V2017.1.4\comp_201714\ansi\stdint.h", line 32: warning #301-D: 
          typedef name has already been declared (with same type)
    typedef   signed short int16_t;
                           ^

"D:\ts_mirr\gh\ARM.V2017.1.4\comp_201714\ansi\stdint.h", line 33: warning #301-D: 
          typedef name has already been declared (with same type)
    typedef unsigned short uint16_t;
                           ^

"D:\ts_mirr\gh\ARM.V2017.1.4\comp_201714\ansi\stdint.h", line 39: warning #301-D: 
          typedef name has already been declared (with same type)
    typedef   signed int int32_t;
                         ^

"D:\ts_mirr\gh\ARM.V2017.1.4\comp_201714\ansi\stdint.h", line 40: warning #301-D: 
          typedef name has already been declared (with same type)
    typedef unsigned int uint32_t;
                         ^

"D:\ts_mirr\gh\ARM.V2017.1.4\comp_201714\ansi\stdint.h", line 56: warning #301-D: 
          typedef name has already been declared (with same type)
    typedef unsigned long long uint64_t;
                               ^

"Static_Code/App_Code/EcuInfo.h", line 298: warning #47-D: incompatible
          redefinition of macro "cAppSoftVerYear1" (declared at line 114)
  	#define cAppSoftVerYear1 'T'  // 내부버전 형식에 오류를 일으킴.(검증단계에서 발견되어야함.)
  	        ^

"Static_Code/NCJ3321_Code/sampleApplications/aNfcrdlib_CardProtection1/src/CPAL.c", line 208: warning #1963-D: 
          label not followed by statement is non-standard
          }
          ^

"Static_Code/NCJ3321_Code/sampleApplications/aNfcrdlib_CardProtection1/src/CPAL.c", line 135: warning #550-D: 
          variable "extFieldDetected" was set but never used
  static VAR(uint8, ANFCRL_VAR) extFieldDetected = 0U;
                                ^

"Static_Code/App_Code/EcuInfo.h", line 298: warning #47-D: incompatible
          redefinition of macro "cAppSoftVerYear1" (declared at line 114)
  	#define cAppSoftVerYear1 'T'  // 내부버전 형식에 오류를 일으킴.(검증단계에서 발견되어야함.)
  	        ^

"Static_Code/App_Code/App_UART.c", line 789: warning #167-D: argument of type
          "void (*)(unsigned long)" is incompatible with parameter of type
          "scb_uart_handle_events_t"
  	Cy_SCB_UART_RegisterCallback(SCB6, ss_UART_Scb_Event, &g_stc_uart_normal_context);
  	                                   ^

"Static_Code/App_Code/App_UART.c", line 1228: warning #188-D: enumerated type
          mixed with another type
  					UART.Int.Auth_Handler_State[Device] = UART.Out.Device_DVP[Device].Auth_Handler_State;
  					                                    ^

"Static_Code/App_Code/App_UART.c", line 1229: warning #188-D: enumerated type
          mixed with another type
  					UART.Int.Auth_Packet_State[Device] = UART.Out.Device_DVP[Device].Auth_Packet_State;
  					                                   ^

"Static_Code/App_Code/App_UART.c", line 1230: warning #188-D: enumerated type
          mixed with another type
  					UART.Int.Auth_Result_State[Device] = UART.Out.Device_DVP[Device].Auth_Result_State;
  					                                   ^

"Static_Code/App_Code/App_UART.c", line 245: warning #177-D: variable
          "num_normal" was declared but never referenced
  static uint8_t num_normal;
                 ^

"Static_Code/App_Code/EcuInfo.h", line 298: warning #47-D: incompatible
          redefinition of macro "cAppSoftVerYear1" (declared at line 114)
  	#define cAppSoftVerYear1 'T'  // 내부버전 형식에 오류를 일으킴.(검증단계에서 발견되어야함.)
  	        ^

"Static_Code/App_Code/App_Uds.c", line 1773: warning #167-D: argument of type
          "unsigned int" is incompatible with parameter of type "const uint8 *"
          	Uds.Int.Sha256Resp += Hmg_Sha256Update(&Uds.Int.ShaCtx, CODE_BASE_START1, CODE_SIZE_UNIT);
          	                                                        ^

"Static_Code/App_Code/App_Uds.c", line 1773: warning #152-D: conversion of
          nonzero integer to pointer
          	Uds.Int.Sha256Resp += Hmg_Sha256Update(&Uds.Int.ShaCtx, CODE_BASE_START1, CODE_SIZE_UNIT);
          	                                                        ^

"Static_Code/App_Code/App_Uds.c", line 1784: warning #167-D: argument of type
          "unsigned long" is incompatible with parameter of type
          "const uint8 *"
                  Uds.Int.Sha256Resp += Hmg_Sha256Update(&Uds.Int.ShaCtx, (CODE_BASE_START1 + Uds.Int.IncreaseAdd), CODE_SIZE_UNIT);
                                                                          ^

"Static_Code/App_Code/App_Uds.c", line 1789: warning #167-D: argument of type
          "unsigned long" is incompatible with parameter of type
          "const uint8 *"
                  Uds.Int.Sha256Resp += Hmg_Sha256Update(&Uds.Int.ShaCtx, (CODE_BASE_START1 + Uds.Int.IncreaseAdd), (CODE_BASE_END1 - CODE_BASE_START1 - Uds.Int.IncreaseAdd + 1u));
                                                                          ^

"Static_Code/App_Code/App_Uds.c", line 1803: warning #167-D: argument of type
          "unsigned long" is incompatible with parameter of type
          "const uint8 *"
                  Uds.Int.Sha256Resp += Hmg_Sha256Update(&Uds.Int.ShaCtx, (CODE_BASE_START2 + Uds.Int.IncreaseAdd), CODE_SIZE_UNIT);
                                                                          ^

"Static_Code/App_Code/App_Uds.c", line 1809: warning #167-D: argument of type
          "unsigned long" is incompatible with parameter of type
          "const uint8 *"
                  Uds.Int.Sha256Resp += Hmg_Sha256Update(&Uds.Int.ShaCtx, (CODE_BASE_START2 + Uds.Int.IncreaseAdd), (CODE_BASE_END2 - CODE_BASE_START2 - Uds.Int.IncreaseAdd + 1u));
                                                                          ^

"Static_Code/App_Code/App_Uds.c", line 2354: warning #177-D: variable
          "bNvMBlockStatus" was declared but never referenced
  	NvM_RequestResultType bNvMBlockStatus = NVM_REQ_NOT_OK;	 
  	                      ^

"Static_Code/App_Code/App_Uds.c", line 2471: warning #177-D: variable
          "bNvMBlockStatus" was declared but never referenced
  	NvM_RequestResultType bNvMBlockStatus = NVM_REQ_NOT_OK;	  
  	                      ^

"Static_Code/App_Code/EcuInfo.h", line 298: warning #47-D: incompatible
          redefinition of macro "cAppSoftVerYear1" (declared at line 114)
  	#define cAppSoftVerYear1 'T'  // 내부버전 형식에 오류를 일으킴.(검증단계에서 발견되어야함.)
  	        ^

"Static_Code/App_Code/App_Repro.c", line 1077: warning #167-D: argument of
          type "void (*)(unsigned long)" is incompatible with parameter of
          type "scb_uart_handle_events_t"
  	Cy_SCB_UART_RegisterCallback(SCB3, ss_Scb_UART_Repro_Event, &g_stc_uart_repro_context);
  	                                   ^

"Static_Code/App_Code/App_Repro.c", line 1264: warning #42-D: operand types
          are incompatible ("uint8_t" and "void *")
          	    if (Srecord_Char == NULL) // 문자열 배열 끝이 ASCII NULL 이면 끝나는 것이다.
          	                     ^

"Static_Code/App_Code/App_Repro.c", line 1126: warning #550-D: variable
          "CommandTag" was set but never used
  	uint8_t CommandTag;
  	        ^

scons: building terminated because of errors.
