D:\ts_mirr\python\Portable_Python_2.7.6.1\App\python.exe D:\ts_mirr\scons\scons-local-2.3.4\scons.py -f.\Build\site_scons\SConstruct Compile -j8
scons: Reading SConscript files ...
AutoEver Toolset Version: 2.5.0
excluding list was not set for "Debug" in .cproject
excluding list was not set for "Release" in .cproject
scons: done reading SConscript files.
scons: Building targets ...
Compiling 1th file : App_NFC.c
"Static_Code/App_Code/EcuInfo.h", line 302: warning #47-D: incompatible
          redefinition of macro "cAppSoftVerYear1" (declared at line 114)
  	#define cAppSoftVerYear1 'T'  // 내부버전 형식에 오류를 일으킴.(검증단계에서 발견되어야함.)
  	        ^

"Static_Code/NCJ3321_Code/aNFCReaderLibrary/types/ph_TypeDefs.h", line 181: warning #301-D: 
          typedef name has already been declared (with same type)
  typedef unsigned char uint8_t;	/* NIDEC_PORTING */
                        ^

"Static_Code/NCJ3321_Code/aNFCReaderLibrary/types/ph_TypeDefs.h", line 188: warning #301-D: 
          typedef name has already been declared (with same type)
  typedef unsigned short uint16_t;	/* NIDEC_PORTING */
                         ^

"Static_Code/NCJ3321_Code/aNFCReaderLibrary/types/ph_TypeDefs.h", line 195: warning #301-D: 
          typedef name has already been declared (with same type)
  typedef unsigned int uint32_t;	/* NIDEC_PORTING */
                       ^

"Static_Code/NCJ3321_Code/aNFCReaderLibrary/types/ph_TypeDefs.h", line 196: warning #301-D: 
          typedef name has already been declared (with same type)
  typedef unsigned long long uint64_t;
                             ^

"Static_Code/NCJ3321_Code/aNFCReaderLibrary/types/ph_TypeDefs.h", line 207: warning #301-D: 
          typedef name has already been declared (with same type)
  typedef signed char int8_t;	/* NIDEC_PORTING */
                      ^

"Static_Code/NCJ3321_Code/aNFCReaderLibrary/types/ph_TypeDefs.h", line 214: warning #301-D: 
          typedef name has already been declared (with same type)
  typedef short int16_t;	/* NIDEC_PORTING */
                ^

"Static_Code/NCJ3321_Code/aNFCReaderLibrary/types/ph_TypeDefs.h", line 221: warning #301-D: 
          typedef name has already been declared (with same type)
  typedef int int32_t;	/* NIDEC_PORTING */
              ^

"Static_Code/NCJ3321_Code/aNFCReaderLibrary/intfs/../comps/phpalFelica/src/Sw/phpalFelica_Sw_Int.h", line 221: warning #1-D: 
          last line of file ends without a newline
  #endif /* PHPALFELICA_SW_INT_H */
                                   ^

"Static_Code/NCJ3321_Code/aNFCReaderLibrary/types/ph_TypeDefs2.h", line 181: warning #301-D: 
          typedef name has already been declared (with same type)
  typedef unsigned char uint8_t;	/* NIDEC_PORTING */
                        ^

"Static_Code/NCJ3321_Code/aNFCReaderLibrary/types/ph_TypeDefs2.h", line 188: warning #301-D: 
          typedef name has already been declared (with same type)
  typedef unsigned short uint16_t;	/* NIDEC_PORTING */
                         ^

"Static_Code/NCJ3321_Code/aNFCReaderLibrary/types/ph_TypeDefs2.h", line 195: warning #301-D: 
          typedef name has already been declared (with same type)
  typedef unsigned int uint32_t;	/* NIDEC_PORTING */
                       ^

"Static_Code/NCJ3321_Code/aNFCReaderLibrary/types/ph_TypeDefs2.h", line 196: warning #301-D: 
          typedef name has already been declared (with same type)
  typedef unsigned long long uint64_t;
                             ^

"Static_Code/NCJ3321_Code/aNFCReaderLibrary/types/ph_TypeDefs2.h", line 207: warning #301-D: 
          typedef name has already been declared (with same type)
  typedef signed char int8_t;	/* NIDEC_PORTING */
                      ^

"Static_Code/NCJ3321_Code/aNFCReaderLibrary/types/ph_TypeDefs2.h", line 214: warning #301-D: 
          typedef name has already been declared (with same type)
  typedef short int16_t;	/* NIDEC_PORTING */
                ^

"Static_Code/NCJ3321_Code/aNFCReaderLibrary/types/ph_TypeDefs2.h", line 221: warning #301-D: 
          typedef name has already been declared (with same type)
  typedef int int32_t;	/* NIDEC_PORTING */
              ^

"Static_Code/NCJ3321_Code/aNFCReaderLibrary/types/ph_TypeDefs2.h", line 235: warning #301-D: 
          typedef name has already been declared (with same type)
  typedef float float32_t;
                ^

"Static_Code/NCJ3321_Code/aNFCReaderLibrary/types/ph_TypeDefs2.h", line 243: warning #301-D: 
          typedef name has already been declared (with same type)
  typedef uint32_t ph_NfcHandle;	/* NIDEC_PORTING */
                   ^

"Static_Code/NCJ3321_Code/aNFCReaderLibrary/intfs/../comps/phpalFelica/src/Sw/phpalFelica_Sw_Int2.h", line 221: warning #1-D: 
          last line of file ends without a newline
  #endif /* PHPALFELICA_SW_INT2_H */
                                    ^

"Static_Code/NCJ3321_Code/sampleApplications/aNfcrdlib_CardProtection2/intfs/distinguishing_types2.h", line 131: warning #47-D: 
          incompatible redefinition of macro "ERROR_MESSAGE" (declared at line
          131 of
          "Static_Code/NCJ3321_Code/sampleApplications/aNfcrdlib_CardProtection
          1/intfs/distinguishing_types.h")
  #define ERROR_MESSAGE(err)    CONSOLE_MESSAGE2("ERROR: %s\n", err)
          ^

"Static_Code/NCJ3321_Code/sampleApplications/aNfcrdlib_CardProtection2/intfs/CPAL2.h", line 43: warning #47-D: 
          incompatible redefinition of macro "UNUSED" (declared at line 43 of
          "Static_Code/NCJ3321_Code/sampleApplications/aNfcrdlib_CardProtection
          1/intfs/CPAL.h")
  #define UNUSED(param2) (void)(param2)
          ^

"Static_Code/App_Code/App_NFC.c", line 357: warning #177-D: variable "retValue"
          was declared but never referenced
  	uint8_t retValue;
  	        ^

"Static_Code/App_Code/App_NFC.c", line 1527: warning #1721-D: identifier
          shadows variable "TxRxLength" (declared at line 320)
  uint8_t  gs_SPI_TxRx(uint8_t Channel, uint8_t * TxBuf, uint8_t* RxBuf, uint16_t TxRxLength)
                                                                                  ^

"Static_Code/App_Code/App_NFC.c", line 1634: warning #177-D: variable "retval"
          was declared but never referenced
  	uint16_t retval = 0;
  	         ^

"Static_Code/App_Code/App_NFC.c", line 1759: warning #550-D: variable "ret_val"
          was set but never used
  	uint16_t		ret_val;
  	        		^

"Static_Code/App_Code/App_NFC.c", line 2484: warning #188-D: enumerated type
          mixed with another type
  	DIST_RESULT_t retval = 0U;
  	                       ^

"Static_Code/App_Code/App_NFC.c", line 2490: warning #188-D: enumerated type
          mixed with another type
  		retval = NXP_CardProtection_MainControl2();
  		       ^

"Static_Code/App_Code/App_NFC.c", line 2494: warning #188-D: enumerated type
          mixed with another type
  		retval = NXP_CardProtection_MainControl();
  		       ^

"Static_Code/App_Code/App_NFC.c", line 2507: warning #550-D: variable "retval"
          was set but never used
  	uint16_t retval = 0U;
  	         ^

"Static_Code/App_Code/App_NFC.c", line 318: warning #177-D: variable
          "RxDataBuf" was declared but never referenced
  static uint8_t RxDataBuf[38] = {0}; // Rx Data Buf
                 ^

"Static_Code/App_Code/App_NFC.c", line 319: warning #177-D: variable
          "TxDataBuf" was declared but never referenced
  static uint8_t TxDataBuf[24] = {0};
                 ^

"Static_Code/App_Code/App_NFC.c", line 320: warning #177-D: variable
          "TxRxLength" was declared but never referenced
  static uint16_t TxRxLength = 0;
                  ^

"Static_Code/App_Code/App_NFC.c", line 321: warning #177-D: variable "data"
          was declared but never referenced
  static uint8_t data = 0;
                 ^

"Static_Code/App_Code/App_NFC.c", line 340: warning #177-D: variable
          "WdtPulseToggle" was declared but never referenced
  static uint8_t WdtPulseToggle = 1;
                 ^

Making binary(GN7_PE_WPC_APP.elf)
Making hex file
Making srec file
scons: done building targets.
