D:\ts_mirr\python\Portable_Python_2.7.6.1\App\python.exe D:\ts_mirr\scons\scons-local-2.3.4\scons.py -f.\Build\site_scons\SConstruct Compile -j8
scons: Reading SConscript files ...
AutoEver Toolset Version: 2.5.0
excluding list was not set for "Debug" in .cproject
excluding list was not set for "Release" in .cproject
scons: done reading SConscript files.
scons: Building targets ...
Compiling 1th file : App_Repro.c
"Static_Code/App_Code/EcuInfo.h", line 298: warning #47-D: incompatible
          redefinition of macro "cAppSoftVerYear1" (declared at line 114)
  	#define cAppSoftVerYear1 'T'  // 내부버전 형식에 오류를 일으킴.(검증단계에서 발견되어야함.)
  	        ^

"Static_Code/App_Code/App_Repro.c", line 1073: warning #167-D: argument of
          type "void (*)(unsigned long)" is incompatible with parameter of
          type "scb_uart_handle_events_t"
  	Cy_SCB_UART_RegisterCallback(SCB3, ss_Scb_UART_Repro_Event, &g_stc_uart_repro_context);
  	                                   ^

"Static_Code/App_Code/App_Repro.c", line 1260: warning #42-D: operand types
          are incompatible ("uint8_t" and "void *")
          	    if (Srecord_Char == NULL) // 문자열 배열 끝이 ASCII NULL 이면 끝나는 것이다.
          	                     ^

"Static_Code/App_Code/App_Repro.c", line 1270: warning #188-D: enumerated type
          mixed with another type
  					Record_Status = srecord_parse_line(Line_Buffer, line_cnt);
  					              ^

"Static_Code/App_Code/App_Repro.c", line 1302: warning #236-D: controlling
          expression is constant
          	        has_data = (Repro.Fls.new_record.data) && (Repro.Fls.new_record.dataCount);
          	                   ^

"Static_Code/App_Code/App_Repro.c", line 1122: warning #550-D: variable
          "CommandTag" was set but never used
  	uint8_t CommandTag;
  	        ^

"Static_Code/App_Code/App_Repro.c", line 356: warning #177-D: function
          "read_flash_char" was declared but never referenced
  static uint8_t read_flash_char(const char *srecord, uint32_t index);
                 ^

"Static_Code/App_Code/App_Repro.c", line 362: warning #177-D: function
          "crc16_finalize" was declared but never referenced
  static void crc16_finalize(crc16_data_t *crc16Config, uint16_t *hash);
              ^

"Static_Code/App_Code/App_Repro.c", line 372: warning #177-D: function
          "ss_UART_Repro_CommRead" was declared but never referenced
  static void ss_UART_Repro_CommRead(void);
              ^

"Static_Code/App_Code/App_Repro.c", line 373: warning #177-D: function
          "Term_Repro_Input" was declared but never referenced
  static void Term_Repro_Input(void);
              ^

Making binary(GN7_PE_WPC_APP.elf)
Making hex file
Making srec file
scons: done building targets.
