D:\ts_mirr\python\Portable_Python_2.7.6.1\App\python.exe D:\ts_mirr\scons\scons-local-2.3.4\scons.py -f.\Build\site_scons\SConstruct Compile -j8
scons: Reading SConscript files ...
AutoEver Toolset Version: 2.5.0
excluding list was not set for "Debug" in .cproject
excluding list was not set for "Release" in .cproject
scons: done reading SConscript files.
scons: Building targets ...
Compiling 1th file : App_NvM.c
Compiling 2th file : App_Repro.c
"Static_Code/App_Code/App_NvM.c", line 134: warning #1822-D: value of
          multicharacter literal is implementation-defined
  const uint8_t NvMBlkInitSting_QRCODE[QRCODE_SIZE]      = {'Q','R','C','O','D','E','1','2','3','4','5','6','7','8','9','10','11','12','13','14','15'};
                                                                                                                        ^

"Static_Code/App_Code/App_NvM.c", line 134: warning #1822-D: value of
          multicharacter literal is implementation-defined
  const uint8_t NvMBlkInitSting_QRCODE[QRCODE_SIZE]      = {'Q','R','C','O','D','E','1','2','3','4','5','6','7','8','9','10','11','12','13','14','15'};
                                                                                                                             ^

"Static_Code/App_Code/App_NvM.c", line 134: warning #1822-D: value of
          multicharacter literal is implementation-defined
  const uint8_t NvMBlkInitSting_QRCODE[QRCODE_SIZE]      = {'Q','R','C','O','D','E','1','2','3','4','5','6','7','8','9','10','11','12','13','14','15'};
                                                                                                                                  ^

"Static_Code/App_Code/App_NvM.c", line 134: warning #1822-D: value of
          multicharacter literal is implementation-defined
  const uint8_t NvMBlkInitSting_QRCODE[QRCODE_SIZE]      = {'Q','R','C','O','D','E','1','2','3','4','5','6','7','8','9','10','11','12','13','14','15'};
                                                                                                                                       ^

"Static_Code/App_Code/App_NvM.c", line 134: warning #1822-D: value of
          multicharacter literal is implementation-defined
  const uint8_t NvMBlkInitSting_QRCODE[QRCODE_SIZE]      = {'Q','R','C','O','D','E','1','2','3','4','5','6','7','8','9','10','11','12','13','14','15'};
                                                                                                                                            ^

"Static_Code/App_Code/App_NvM.c", line 134: warning #1822-D: value of
          multicharacter literal is implementation-defined
  const uint8_t NvMBlkInitSting_QRCODE[QRCODE_SIZE]      = {'Q','R','C','O','D','E','1','2','3','4','5','6','7','8','9','10','11','12','13','14','15'};
                                                                                                                                                 ^

"Static_Code/App_Code/App_NvM.c", line 134: warning #69-D: integer conversion
          resulted in truncation
  const uint8_t NvMBlkInitSting_QRCODE[QRCODE_SIZE]      = {'Q','R','C','O','D','E','1','2','3','4','5','6','7','8','9','10','11','12','13','14','15'};
                                                                                                                        ^

"Static_Code/App_Code/App_NvM.c", line 134: warning #69-D: integer conversion
          resulted in truncation
  const uint8_t NvMBlkInitSting_QRCODE[QRCODE_SIZE]      = {'Q','R','C','O','D','E','1','2','3','4','5','6','7','8','9','10','11','12','13','14','15'};
                                                                                                                             ^

"Static_Code/App_Code/App_NvM.c", line 134: warning #69-D: integer conversion
          resulted in truncation
  const uint8_t NvMBlkInitSting_QRCODE[QRCODE_SIZE]      = {'Q','R','C','O','D','E','1','2','3','4','5','6','7','8','9','10','11','12','13','14','15'};
                                                                                                                                  ^

"Static_Code/App_Code/App_NvM.c", line 134: warning #69-D: integer conversion
          resulted in truncation
  const uint8_t NvMBlkInitSting_QRCODE[QRCODE_SIZE]      = {'Q','R','C','O','D','E','1','2','3','4','5','6','7','8','9','10','11','12','13','14','15'};
                                                                                                                                       ^

"Static_Code/App_Code/App_NvM.c", line 134: warning #69-D: integer conversion
          resulted in truncation
  const uint8_t NvMBlkInitSting_QRCODE[QRCODE_SIZE]      = {'Q','R','C','O','D','E','1','2','3','4','5','6','7','8','9','10','11','12','13','14','15'};
                                                                                                                                            ^

"Static_Code/App_Code/App_NvM.c", line 134: warning #69-D: integer conversion
          resulted in truncation
  const uint8_t NvMBlkInitSting_QRCODE[QRCODE_SIZE]      = {'Q','R','C','O','D','E','1','2','3','4','5','6','7','8','9','10','11','12','13','14','15'};
                                                                                                                                                 ^

"Static_Code/App_Code/App_NvM.c", line 315: error #136: struct "<unnamed>" has
          no field "m_WctSourceVer"
  						memcpy(NvM.Out.m_WctSourceVer, NvMBlk_WCT_SwVer, WCT_VER_SIZE);						
  						               ^

"Static_Code/App_Code/App_NvM.c", line 705: error #136: struct "<unnamed>" has
          no field "m_WctSourceVer"
  	if(memcmp(NvM.Out.m_WctSourceVer, NvM.Inp_Repro.m_WctSourceVer, WCT_VER_SIZE) != 0) // 동일할 경우 0, 다를경우 음수/양수
  	                  ^

"Static_Code/App_Code/App_NvM.c", line 705: error #136: struct "<unnamed>" has
          no field "m_WctSourceVer"
  	if(memcmp(NvM.Out.m_WctSourceVer, NvM.Inp_Repro.m_WctSourceVer, WCT_VER_SIZE) != 0) // 동일할 경우 0, 다를경우 음수/양수
  	                                                ^

"Static_Code/App_Code/App_NvM.c", line 708: error #136: struct "<unnamed>" has
          no field "m_WctSourceVer"
  		memcpy(NvM.Out.m_WctSourceVer, NvM.Inp_Repro.m_WctSourceVer, WCT_VER_SIZE);
  		               ^

"Static_Code/App_Code/App_NvM.c", line 708: error #136: struct "<unnamed>" has
          no field "m_WctSourceVer"
  		memcpy(NvM.Out.m_WctSourceVer, NvM.Inp_Repro.m_WctSourceVer, WCT_VER_SIZE);
  		                                             ^

"Static_Code/App_Code/App_NvM.c", line 808: error #136: struct "<unnamed>" has
          no field "m_WctSourceVer"
  							if(memcmp(NvM.Out.m_WctSourceVer, NvMBlk_WCT_SwVer, WCT_VER_SIZE) == 0) // 동일할 경우 0, 다를경우 음수/양수
  							                  ^

"Static_Code/App_Code/App_NvM.c", line 815: error #136: struct "<unnamed>" has
          no field "m_WctSourceVer"
  								memcpy(NvMBlk_WCT_SwVer, NvM.Out.m_WctSourceVer, WCT_VER_SIZE);								
  								                                 ^

"Static_Code/App_Code/App_NvM.c", line 825: error #136: struct "<unnamed>" has
          no field "m_WctSourceVer"
  									memcpy(NvM.Out.m_WctSourceVer, NvMBlk_WCT_SwVer, WCT_VER_SIZE);	
  									               ^

"Static_Code/App_Code/App_Repro.c", line 535: error #136: struct "<unnamed>"
          has no field "m_WctSourceVer"
  	memcpy(Repro.Out.m_WctSourceVer, Repro.Inp_NvM.m_WctSourceVer, WCT_VER_SIZE); // UDS에는 버전 사용하지 않음.
  	                 ^

"Static_Code/App_Code/App_Repro.c", line 535: error #136: struct "<unnamed>"
          has no field "m_WctSourceVer"
  	memcpy(Repro.Out.m_WctSourceVer, Repro.Inp_NvM.m_WctSourceVer, WCT_VER_SIZE); // UDS에는 버전 사용하지 않음.
  	                                               ^

"Static_Code/App_Code/App_Repro.c", line 538: error #136: struct "<unnamed>"
          has no field "m_WctSourceVer"
  	if((Repro.Inp_NvM.m_WctSourceVer[0] == '0') &&	// default 저장값일 경우에 1회만 아래 로직 실행한다. 
  	                  ^

"Static_Code/App_Code/App_Repro.c", line 539: error #136: struct "<unnamed>"
          has no field "m_WctSourceVer"
  	(Repro.Inp_NvM.m_WctSourceVer[1] == '0') &&
  	               ^

"Static_Code/App_Code/App_Repro.c", line 540: error #136: struct "<unnamed>"
          has no field "m_WctSourceVer"
  	(Repro.Inp_NvM.m_WctSourceVer[2] == '0'))
  	               ^

"Static_Code/App_Code/App_Repro.c", line 549: error #136: struct "<unnamed>"
          has no field "m_WctSourceVer"
  			Repro.Out.m_WctSourceVer[0] = cWCT_TARGET_VER1_TYPE4;
  			          ^

"Static_Code/App_Code/App_Repro.c", line 550: error #136: struct "<unnamed>"
          has no field "m_WctSourceVer"
  			Repro.Out.m_WctSourceVer[1] = cWCT_TARGET_VER2_TYPE4;
  			          ^

"Static_Code/App_Code/App_Repro.c", line 551: error #136: struct "<unnamed>"
          has no field "m_WctSourceVer"
  			Repro.Out.m_WctSourceVer[2] = cWCT_TARGET_VER3_TYPE4;
  			          ^

"Static_Code/App_Code/App_Repro.c", line 555: error #136: struct "<unnamed>"
          has no field "m_WctSourceVer"
  			Repro.Out.m_WctSourceVer[0] = cWCT_TARGET_VER1_TYPE5;
  			          ^

"Static_Code/App_Code/App_Repro.c", line 556: error #136: struct "<unnamed>"
          has no field "m_WctSourceVer"
  			Repro.Out.m_WctSourceVer[1] = cWCT_TARGET_VER2_TYPE5;
  			          ^

"Static_Code/App_Code/App_Repro.c", line 557: error #136: struct "<unnamed>"
          has no field "m_WctSourceVer"
  			Repro.Out.m_WctSourceVer[2] = cWCT_TARGET_VER3_TYPE5;
  			          ^

"Static_Code/App_Code/App_Repro.c", line 561: error #136: struct "<unnamed>"
          has no field "m_WctSourceVer"
  			Repro.Out.m_WctSourceVer[0] = cWCT_TARGET_VER1_TYPE6;
  			          ^

"Static_Code/App_Code/App_Repro.c", line 562: error #136: struct "<unnamed>"
          has no field "m_WctSourceVer"
  			Repro.Out.m_WctSourceVer[1] = cWCT_TARGET_VER2_TYPE6;
  			          ^

"Static_Code/App_Code/App_Repro.c", line 563: error #136: struct "<unnamed>"
          has no field "m_WctSourceVer"
  			Repro.Out.m_WctSourceVer[2] = cWCT_TARGET_VER3_TYPE6;					
  			          ^

"Static_Code/App_Code/App_Repro.c", line 567: error #136: struct "<unnamed>"
          has no field "m_WctSourceVer"
  			Repro.Out.m_WctSourceVer[0] = '0';
  			          ^

"Static_Code/App_Code/App_Repro.c", line 568: error #136: struct "<unnamed>"
          has no field "m_WctSourceVer"
  			Repro.Out.m_WctSourceVer[1] = '0';
  			          ^

"Static_Code/App_Code/App_Repro.c", line 569: error #136: struct "<unnamed>"
          has no field "m_WctSourceVer"
  			Repro.Out.m_WctSourceVer[2] = '0';
  			          ^

"Static_Code/App_Code/App_Repro.c", line 1085: warning #167-D: argument of
          type "void (*)(unsigned long)" is incompatible with parameter of
          type "scb_uart_handle_events_t"
  	Cy_SCB_UART_RegisterCallback(SCB3, ss_Scb_UART_Repro_Event, &g_stc_uart_repro_context);
  	                                   ^

"Static_Code/App_Code/App_Repro.c", line 1239: warning #1072-D: a declaration
          cannot have a label
  			uint8_t Line_Buffer[ONE_LINE_BUF_SIZE] = {0}; // local 변수에서 내부 변수로 변경
  			^

"Static_Code/App_Code/App_Repro.c", line 1259: warning #42-D: operand types
          are incompatible ("uint8_t" and "void *")
          	    if (Srecord_Char == NULL) // 문자열 배열 끝이 ASCII NULL 이면 끝나는 것이다.
          	                     ^

"Static_Code/App_Code/App_Repro.c", line 1269: warning #188-D: enumerated type
          mixed with another type
  					Record_Status = srecord_parse_line(Line_Buffer, line_cnt);
  					              ^

"Static_Code/App_Code/App_Repro.c", line 1301: warning #236-D: controlling
          expression is constant
          	        has_data = (Repro.Fls.new_record.data) && (Repro.Fls.new_record.dataCount);
          	                   ^

"Static_Code/App_Code/App_Repro.c", line 1489: warning #1072-D: a declaration
          cannot have a label
              serial_framing_packet_t data_packet;
              ^

"Static_Code/App_Code/App_Repro.c", line 1802: error #136: struct "<unnamed>"
          has no field "m_WctSourceVer"
  				Repro.Out.m_WctSourceVer[0] = Repro.Inp_UART.WctSourceVer[0];
  				          ^

"Static_Code/App_Code/App_Repro.c", line 1803: error #136: struct "<unnamed>"
          has no field "m_WctSourceVer"
  				Repro.Out.m_WctSourceVer[1] = Repro.Inp_UART.WctSourceVer[1];
  				          ^

"Static_Code/App_Code/App_Repro.c", line 1804: error #136: struct "<unnamed>"
          has no field "m_WctSourceVer"
  				Repro.Out.m_WctSourceVer[2] = Repro.Inp_UART.WctSourceVer[2];
  				          ^

"Static_Code/App_Code/App_Repro.c", line 1857: error #136: struct "<unnamed>"
          has no field "m_WctSourceVer"
  			Repro.Out.m_WctSourceVer[0] = (uint8_t)'0';
  			          ^

"Static_Code/App_Code/App_Repro.c", line 1858: error #136: struct "<unnamed>"
          has no field "m_WctSourceVer"
  			Repro.Out.m_WctSourceVer[1] = (uint8_t)'0';
  			          ^

"Static_Code/App_Code/App_Repro.c", line 1859: error #136: struct "<unnamed>"
          has no field "m_WctSourceVer"
  			Repro.Out.m_WctSourceVer[2] = (uint8_t)'0';
  			          ^

"Static_Code/App_Code/App_Repro.c", line 1974: warning #175-D: subscript out
          of range
  			if(Repro.Inp_NvM.NvMBlk_1B_Complete[BLK_NO_1B_WctReproRequest] == OFF) // NvM값이 변경되면 complete가 clear된다. 이거 확인하고 상태 천이
  			   ^

"Static_Code/App_Code/App_Repro.c", line 1990: warning #175-D: subscript out
          of range
  			if(Repro.Inp_NvM.NvMBlk_1B_Complete[BLK_NO_1B_WctReproRequest] == ON)
  			   ^

"Static_Code/App_Code/App_Repro.c", line 1145: warning #546-D: transfer of
          control bypasses initialization of:
            variable "Line_Buffer" (declared at line 1239)
      switch(Repro.Fls.Repro_OperState)
      ^

"Static_Code/App_Code/App_Repro.c", line 1130: warning #177-D: variable
          "bNvMBlockStatus" was declared but never referenced
  	NvM_RequestResultType bNvMBlockStatus;
  	                      ^

"Static_Code/App_Code/App_Repro.c", line 1135: warning #550-D: variable
          "CommandTag" was set but never used
  	uint8_t CommandTag;
  	        ^

"Static_Code/App_Code/App_Repro.c", line 2492: error #136: struct "<unnamed>"
          has no field "m_WctSourceVer"
  		if((Repro.Inp_NvM.m_WctSourceVer[0] != Repro.Inp_UART.WctSourceVer[0]) || // NvM에 저장된 버전과 UART 통신으로 수신한 버전이 다를 경우 NvM 갱신 요청
  		                  ^

"Static_Code/App_Code/App_Repro.c", line 2493: error #136: struct "<unnamed>"
          has no field "m_WctSourceVer"
  		(Repro.Inp_NvM.m_WctSourceVer[1] != Repro.Inp_UART.WctSourceVer[1]) ||		
  		               ^

"Static_Code/App_Code/App_Repro.c", line 2494: error #136: struct "<unnamed>"
          has no field "m_WctSourceVer"
  		(Repro.Inp_NvM.m_WctSourceVer[2] != Repro.Inp_UART.WctSourceVer[2]))
  		               ^

"Static_Code/App_Code/App_Repro.c", line 2496: error #136: struct "<unnamed>"
          has no field "m_WctSourceVer"
  			Repro.Out.m_WctSourceVer[0] = Repro.Inp_UART.WctSourceVer[0];
  			          ^

"Static_Code/App_Code/App_Repro.c", line 2497: error #136: struct "<unnamed>"
          has no field "m_WctSourceVer"
  			Repro.Out.m_WctSourceVer[1] = Repro.Inp_UART.WctSourceVer[1];
  			          ^

"Static_Code/App_Code/App_Repro.c", line 2498: error #136: struct "<unnamed>"
          has no field "m_WctSourceVer"
  			Repro.Out.m_WctSourceVer[2] = Repro.Inp_UART.WctSourceVer[2];			
  			          ^

"Static_Code/App_Code/App_Repro.c", line 343: warning #177-D: variable
          "num_repro" was declared but never referenced
  static uint8_t num_repro;
                 ^

"Static_Code/App_Code/App_Repro.c", line 371: warning #177-D: function
          "read_flash_char" was declared but never referenced
  static uint8_t read_flash_char(const char *srecord, uint32_t index);
                 ^

"Static_Code/App_Code/App_Repro.c", line 377: warning #177-D: function
          "crc16_finalize" was declared but never referenced
  static void crc16_finalize(crc16_data_t *crc16Config, uint16_t *hash);
              ^

"Static_Code/App_Code/App_Repro.c", line 387: warning #177-D: function
          "ss_UART_Repro_CommRead" was declared but never referenced
  static void ss_UART_Repro_CommRead(void);
              ^

"Static_Code/App_Code/App_Repro.c", line 388: warning #177-D: function
          "Term_Repro_Input" was declared but never referenced
  static void Term_Repro_Input(void);
              ^

scons: *** [Debug\Static_Code\App_Code\App_NvM.o] Error 1
scons: *** [Debug\Static_Code\App_Code\App_Repro.o] Error 1
scons: building terminated because of errors.
